[0.025s] Invoking command in '/home/hansollee/kdta_ROS2_workspace/build/arithmetic': CMAKE_PREFIX_PATH=/home/hansollee/kdta_ROS2_workspace/install/interface_example:/home/hansollee/kdta_ROS2_workspace/install/turtlebot3_simulations:/home/hansollee/kdta_ROS2_workspace/install/turtlebot3_gazebo:/home/hansollee/kdta_ROS2_workspace/install/turtlebot3_fake_node:/home/hansollee/kdta_ROS2_workspace/install/simple_pkg_cpp:/home/hansollee/kdta_ROS2_workspace/install/msg:/home/hansollee/kdta_ROS2_workspace/install/move_t_sim:/home/hansollee/kdta_ROS2_workspace/install/arithmetic:/opt/ros/humble LD_LIBRARY_PATH=/home/hansollee/kdta_ROS2_workspace/install/interface_example/lib:/usr/lib/x86_64-linux-gnu/gazebo-11/plugins:/opt/ros/humble/opt/rviz_ogre_vendor/lib:/opt/ros/humble/lib/x86_64-linux-gnu:/opt/ros/humble/lib:/usr/lib/x86_64-linux-gnu/gazebo-11/plugins:/usr/lib/x86_64-linux-gnu/gazebo-11/plugins:/usr/lib/x86_64-linux-gnu/gazebo-11/plugins /usr/bin/cmake --build /home/hansollee/kdta_ROS2_workspace/build/arithmetic -- -j2 -l2
[0.102s] [35m[1mConsolidate compiler generated dependencies of target calculator[0m
[0.141s] [ 14%] [32mBuilding CXX object CMakeFiles/argument.dir/src/arithmetic/argument.cpp.o[0m
[0.162s] [ 28%] [32mBuilding CXX object CMakeFiles/calculator.dir/src/calculator/calculator.cpp.o[0m
[5.690s] [01m[K/home/hansollee/kdta_ROS2_workspace/src/arithmetic/src/calculator/calculator.cpp:[m[K In member function ‚Äò[01m[Kvoid Calculator::sub_callback(interface_example::msg::ArithmeticArgument_<std::allocator<void> >::SharedPtr)[m[K‚Äô:
[5.690s] [01m[K/home/hansollee/kdta_ROS2_workspace/src/arithmetic/src/calculator/calculator.cpp:24:46:[m[K [01;31m[Kerror: [m[K‚Äò[01m[Koperator_str[m[K‚Äô was not declared in this scope; did you mean ‚Äò[01m[K_operator_str[m[K‚Äô?
[5.690s]    24 |     _operator_str = std::to_string(_sub_a) + [01;31m[Koperator_str[m[K + std::to_string(_sub_b) + "=" + std::to_string(_argument_result);
[5.690s]       |                                              [01;31m[K^~~~~~~~~~~~[m[K
[5.690s]       |                                              [32m[K_operator_str[m[K
[5.715s] [01m[K/home/hansollee/kdta_ROS2_workspace/src/arithmetic/src/calculator/calculator.cpp:[m[K In member function ‚Äò[01m[Kvoid Calculator::service_callback(std::shared_ptr<interface_example::srv::ArithmeticOperator_Request_<std::allocator<void> > >, std::shared_ptr<interface_example::srv::ArithmeticOperator_Response_<std::allocator<void> > >)[m[K‚Äô:
[5.716s] [01m[K/home/hansollee/kdta_ROS2_workspace/src/arithmetic/src/calculator/calculator.cpp:35:9:[m[K [01;31m[Kerror: [m[K‚Äò[01m[Koperator_str[m[K‚Äô was not declared in this scope; did you mean ‚Äò[01m[K_operator_str[m[K‚Äô?
[5.716s]    35 |         [01;31m[Koperator_str[m[K = "+";
[5.716s]       |         [01;31m[K^~~~~~~~~~~~[m[K
[5.716s]       |         [32m[K_operator_str[m[K
[5.720s] [01m[K/home/hansollee/kdta_ROS2_workspace/src/arithmetic/src/calculator/calculator.cpp:40:9:[m[K [01;31m[Kerror: [m[K‚Äò[01m[Koperator_str[m[K‚Äô was not declared in this scope; did you mean ‚Äò[01m[K_operator_str[m[K‚Äô?
[5.720s]    40 |         [01;31m[Koperator_str[m[K = "-";
[5.720s]       |         [01;31m[K^~~~~~~~~~~~[m[K
[5.720s]       |         [32m[K_operator_str[m[K
[5.732s] [01m[K/home/hansollee/kdta_ROS2_workspace/src/arithmetic/src/calculator/calculator.cpp:45:9:[m[K [01;31m[Kerror: [m[K‚Äò[01m[Koperator_str[m[K‚Äô was not declared in this scope; did you mean ‚Äò[01m[K_operator_str[m[K‚Äô?
[5.732s]    45 |         [01;31m[Koperator_str[m[K = "*";
[5.732s]       |         [01;31m[K^~~~~~~~~~~~[m[K
[5.732s]       |         [32m[K_operator_str[m[K
[5.740s] [01m[K/home/hansollee/kdta_ROS2_workspace/src/arithmetic/src/calculator/calculator.cpp:53:13:[m[K [01;31m[Kerror: [m[K‚Äò[01m[Koperator_str[m[K‚Äô was not declared in this scope; did you mean ‚Äò[01m[K_operator_str[m[K‚Äô?
[5.740s]    53 |             [01;31m[Koperator_str[m[K = "/";
[5.740s]       |             [01;31m[K^~~~~~~~~~~~[m[K
[5.741s]       |             [32m[K_operator_str[m[K
[5.751s] [01m[K/home/hansollee/kdta_ROS2_workspace/src/arithmetic/src/calculator/calculator.cpp:58:13:[m[K [01;31m[Kerror: [m[K‚Äò[01m[Koperator_str[m[K‚Äô was not declared in this scope; did you mean ‚Äò[01m[K_operator_str[m[K‚Äô?
[5.751s]    58 |             [01;31m[Koperator_str[m[K = "/";
[5.751s]       |             [01;31m[K^~~~~~~~~~~~[m[K
[5.751s]       |             [32m[K_operator_str[m[K
[5.759s] [01m[K/home/hansollee/kdta_ROS2_workspace/src/arithmetic/src/calculator/calculator.cpp:65:46:[m[K [01;31m[Kerror: [m[K‚Äò[01m[Koperator_str[m[K‚Äô was not declared in this scope; did you mean ‚Äò[01m[K_operator_str[m[K‚Äô?
[5.759s]    65 |     _operator_str = std::to_string(_sub_a) + [01;31m[Koperator_str[m[K + std::to_string(_sub_b) + "=" + std::to_string(_argument_result);
[5.759s]       |                                              [01;31m[K^~~~~~~~~~~~[m[K
[5.759s]       |                                              [32m[K_operator_str[m[K
[5.781s] [01m[K/home/hansollee/kdta_ROS2_workspace/src/arithmetic/src/calculator/calculator.cpp:[m[K In member function ‚Äò[01m[Kvoid Calculator::execute_checker(std::shared_ptr<rclcpp_action::ServerGoalHandle<interface_example::action::ArithmeticChecker> >)[m[K‚Äô:
[5.781s] [01m[K/home/hansollee/kdta_ROS2_workspace/src/arithmetic/src/calculator/calculator.cpp:97:49:[m[K [01;31m[Kerror: [m[Kno match for ‚Äò[01m[Koperator=[m[K‚Äô (operand types are ‚Äò[01m[Kinterface_example::action::ArithmeticChecker_Feedback_<std::allocator<void> >::_formula_type[m[K‚Äô {aka ‚Äò[01m[Kstd::vector<std::__cxx11::basic_string<char>, std::allocator<std::__cxx11::basic_string<char> > >[m[K‚Äô} and ‚Äò[01m[Kconst char*[m[K‚Äô)
[5.781s]    97 |         feedback->formula = _operator_str.c_str([01;31m[K)[m[K;
[5.781s]       |                                                 [01;31m[K^[m[K
[5.783s] In file included from [01m[K/usr/include/c++/11/vector:72[m[K,
[5.783s]                  from [01m[K/usr/include/c++/11/functional:62[m[K,
[5.783s]                  from [01m[K/usr/include/c++/11/pstl/glue_algorithm_defs.h:13[m[K,
[5.783s]                  from [01m[K/usr/include/c++/11/algorithm:74[m[K,
[5.784s]                  from [01m[K/home/hansollee/kdta_ROS2_workspace/build/interface_example/rosidl_generator_cpp/interface_example/action/detail/arithmetic_checker__struct.hpp:8[m[K,
[5.784s]                  from [01m[K/home/hansollee/kdta_ROS2_workspace/build/interface_example/rosidl_generator_cpp/interface_example/action/arithmetic_checker.hpp:7[m[K,
[5.784s]                  from [01m[K/home/hansollee/kdta_ROS2_workspace/src/arithmetic/include/calculator/calculator.hpp:4[m[K,
[5.784s]                  from [01m[K/home/hansollee/kdta_ROS2_workspace/src/arithmetic/src/calculator/calculator.cpp:1[m[K:
[5.784s] [01m[K/usr/include/c++/11/bits/vector.tcc:198:5:[m[K [01;36m[Knote: [m[Kcandidate: ‚Äò[01m[Kstd::vector<_Tp, _Alloc>& std::vector<_Tp, _Alloc>::operator=(const std::vector<_Tp, _Alloc>&) [with _Tp = std::__cxx11::basic_string<char>; _Alloc = std::allocator<std::__cxx11::basic_string<char> >][m[K‚Äô
[5.784s]   198 |     [01;36m[Kvector<_Tp, _Alloc>[m[K::
[5.784s]       |     [01;36m[K^~~~~~~~~~~~~~~~~~~[m[K
[5.784s] [01m[K/usr/include/c++/11/bits/vector.tcc:199:42:[m[K [01;36m[Knote: [m[K  no known conversion for argument 1 from ‚Äò[01m[Kconst char*[m[K‚Äô to ‚Äò[01m[Kconst std::vector<std::__cxx11::basic_string<char>, std::allocator<std::__cxx11::basic_string<char> > >&[m[K‚Äô
[5.784s]   199 |     operator=([01;36m[Kconst vector<_Tp, _Alloc>& __x[m[K)
[5.784s]       |               [01;36m[K~~~~~~~~~~~~~~~~~~~~~~~~~~~^~~[m[K
[5.785s] In file included from [01m[K/usr/include/c++/11/vector:67[m[K,
[5.785s]                  from [01m[K/usr/include/c++/11/functional:62[m[K,
[5.785s]                  from [01m[K/usr/include/c++/11/pstl/glue_algorithm_defs.h:13[m[K,
[5.785s]                  from [01m[K/usr/include/c++/11/algorithm:74[m[K,
[5.785s]                  from [01m[K/home/hansollee/kdta_ROS2_workspace/build/interface_example/rosidl_generator_cpp/interface_example/action/detail/arithmetic_checker__struct.hpp:8[m[K,
[5.785s]                  from [01m[K/home/hansollee/kdta_ROS2_workspace/build/interface_example/rosidl_generator_cpp/interface_example/action/arithmetic_checker.hpp:7[m[K,
[5.785s]                  from [01m[K/home/hansollee/kdta_ROS2_workspace/src/arithmetic/include/calculator/calculator.hpp:4[m[K,
[5.785s]                  from [01m[K/home/hansollee/kdta_ROS2_workspace/src/arithmetic/src/calculator/calculator.cpp:1[m[K:
[5.785s] [01m[K/usr/include/c++/11/bits/stl_vector.h:709:7:[m[K [01;36m[Knote: [m[Kcandidate: ‚Äò[01m[Kstd::vector<_Tp, _Alloc>& std::vector<_Tp, _Alloc>::operator=(std::vector<_Tp, _Alloc>&&) [with _Tp = std::__cxx11::basic_string<char>; _Alloc = std::allocator<std::__cxx11::basic_string<char> >][m[K‚Äô
[5.785s]   709 |       [01;36m[Koperator[m[K=(vector&& __x) noexcept(_Alloc_traits::_S_nothrow_move())
[5.785s]       |       [01;36m[K^~~~~~~~[m[K
[5.785s] [01m[K/usr/include/c++/11/bits/stl_vector.h:709:26:[m[K [01;36m[Knote: [m[K  no known conversion for argument 1 from ‚Äò[01m[Kconst char*[m[K‚Äô to ‚Äò[01m[Kstd::vector<std::__cxx11::basic_string<char>, std::allocator<std::__cxx11::basic_string<char> > >&&[m[K‚Äô
[5.785s]   709 |       operator=([01;36m[Kvector&& __x[m[K) noexcept(_Alloc_traits::_S_nothrow_move())
[5.785s]       |                 [01;36m[K~~~~~~~~~^~~[m[K
[5.785s] [01m[K/usr/include/c++/11/bits/stl_vector.h:730:7:[m[K [01;36m[Knote: [m[Kcandidate: ‚Äò[01m[Kstd::vector<_Tp, _Alloc>& std::vector<_Tp, _Alloc>::operator=(std::initializer_list<_Tp>) [with _Tp = std::__cxx11::basic_string<char>; _Alloc = std::allocator<std::__cxx11::basic_string<char> >][m[K‚Äô
[5.785s]   730 |       [01;36m[Koperator[m[K=(initializer_list<value_type> __l)
[5.785s]       |       [01;36m[K^~~~~~~~[m[K
[5.786s] [01m[K/usr/include/c++/11/bits/stl_vector.h:730:46:[m[K [01;36m[Knote: [m[K  no known conversion for argument 1 from ‚Äò[01m[Kconst char*[m[K‚Äô to ‚Äò[01m[Kstd::initializer_list<std::__cxx11::basic_string<char> >[m[K‚Äô
[5.786s]   730 |       operator=([01;36m[Kinitializer_list<value_type> __l[m[K)
[5.786s]       |                 [01;36m[K~~~~~~~~~~~~~~~~~~~~~~~~~~~~~^~~[m[K
[10.951s] gmake[2]: *** [CMakeFiles/calculator.dir/build.make:76: CMakeFiles/calculator.dir/src/calculator/calculator.cpp.o] Ïò§Î•ò 1
[10.951s] gmake[1]: *** [CMakeFiles/Makefile2:141: CMakeFiles/calculator.dir/all] Ïò§Î•ò 2
[10.951s] gmake[1]: *** ÎÅùÎÇòÏßÄ ÏïäÏùÄ ÏûëÏóÖÏùÑ Í∏∞Îã§Î¶¨Í≥† ÏûàÏäµÎãàÎã§....
[13.693s] [ 42%] [32m[1mLinking CXX executable argument[0m
[14.063s] [ 42%] Built target argument
[14.065s] gmake: *** [Makefile:146: all] Ïò§Î•ò 2
[14.072s] Invoked command in '/home/hansollee/kdta_ROS2_workspace/build/arithmetic' returned '2': CMAKE_PREFIX_PATH=/home/hansollee/kdta_ROS2_workspace/install/interface_example:/home/hansollee/kdta_ROS2_workspace/install/turtlebot3_simulations:/home/hansollee/kdta_ROS2_workspace/install/turtlebot3_gazebo:/home/hansollee/kdta_ROS2_workspace/install/turtlebot3_fake_node:/home/hansollee/kdta_ROS2_workspace/install/simple_pkg_cpp:/home/hansollee/kdta_ROS2_workspace/install/msg:/home/hansollee/kdta_ROS2_workspace/install/move_t_sim:/home/hansollee/kdta_ROS2_workspace/install/arithmetic:/opt/ros/humble LD_LIBRARY_PATH=/home/hansollee/kdta_ROS2_workspace/install/interface_example/lib:/usr/lib/x86_64-linux-gnu/gazebo-11/plugins:/opt/ros/humble/opt/rviz_ogre_vendor/lib:/opt/ros/humble/lib/x86_64-linux-gnu:/opt/ros/humble/lib:/usr/lib/x86_64-linux-gnu/gazebo-11/plugins:/usr/lib/x86_64-linux-gnu/gazebo-11/plugins:/usr/lib/x86_64-linux-gnu/gazebo-11/plugins /usr/bin/cmake --build /home/hansollee/kdta_ROS2_workspace/build/arithmetic -- -j2 -l2
