-- Found ament_cmake: 1.3.9 (/opt/ros/humble/share/ament_cmake/cmake)
-- Override CMake install command with custom implementation using symlinks instead of copying resources
-- Found rclcpp: 16.0.9 (/opt/ros/humble/share/rclcpp/cmake)
-- Found rosidl_generator_c: 3.1.5 (/opt/ros/humble/share/rosidl_generator_c/cmake)
-- Found rosidl_adapter: 3.1.5 (/opt/ros/humble/share/rosidl_adapter/cmake)
-- Found rosidl_generator_cpp: 3.1.5 (/opt/ros/humble/share/rosidl_generator_cpp/cmake)
-- Using all available rosidl_typesupport_c: rosidl_typesupport_fastrtps_c;rosidl_typesupport_introspection_c
-- Using all available rosidl_typesupport_cpp: rosidl_typesupport_fastrtps_cpp;rosidl_typesupport_introspection_cpp
-- Found rmw_implementation_cmake: 6.1.2 (/opt/ros/humble/share/rmw_implementation_cmake/cmake)
-- Found rmw_fastrtps_cpp: 6.2.6 (/opt/ros/humble/share/rmw_fastrtps_cpp/cmake)
-- Using RMW implementation 'rmw_fastrtps_cpp' as default
-- Found ament_lint_auto: 0.12.11 (/opt/ros/humble/share/ament_lint_auto/cmake)
-- Added test 'cppcheck' to perform static code analysis on C / C++ code
-- Configured cppcheck include dirs: /home/hansollee/kdta_ROS2_workspace/src/simple_pkg_cpp/include
-- Configured cppcheck exclude dirs and/or files: 
-- Added test 'lint_cmake' to check CMake code style
-- Added test 'uncrustify' to check C / C++ code style
-- Configured uncrustify additional arguments: 
-- Added test 'xmllint' to check XML markup files
-- Configuring done
-- Generating done
-- Build files have been written to: /home/hansollee/kdta_ROS2_workspace/build/simple_pkg_cpp
[35m[1mConsolidate compiler generated dependencies of target helloworld[0m
[35m[1mConsolidate compiler generated dependencies of target helloOpenCV[0m
[35m[1mConsolidate compiler generated dependencies of target hello_publisher[0m
[  9%] Built target helloworld
[35m[1mConsolidate compiler generated dependencies of target hello_publisher2[0m
[ 18%] Built target helloOpenCV
[35m[1mConsolidate compiler generated dependencies of target hello_publisher_class[0m
[ 27%] Built target hello_publisher
[ 36%] Built target hello_publisher2
[35m[1mConsolidate compiler generated dependencies of target hello_publisher_class2[0m
[35m[1mConsolidate compiler generated dependencies of target hello_subscriber_class[0m
[ 45%] Built target hello_publisher_class
[35m[1mConsolidate compiler generated dependencies of target time_publisher_class[0m
[ 59%] Built target hello_publisher_class2
[ 63%] [32mBuilding CXX object CMakeFiles/time_subscriber_class.dir/src/time_subscriber_class.cpp.o[0m
[ 77%] Built target hello_subscriber_class
[ 81%] [32mBuilding CXX object CMakeFiles/time_subscriber_class.dir/src/time_sub.cpp.o[0m
[ 95%] Built target time_publisher_class
[01m[K/home/hansollee/kdta_ROS2_workspace/src/simple_pkg_cpp/src/time_sub.cpp:[m[K In constructor â€˜[01m[KTimeSubscriber::TimeSubscriber()[m[Kâ€™:
[01m[K/home/hansollee/kdta_ROS2_workspace/src/simple_pkg_cpp/src/time_sub.cpp:7:99:[m[K [01;31m[Kerror: [m[Kâ€˜[01m[KTimePublisher[m[Kâ€™ has not been declared
    7 |     _sub = this->create_subscription<std_msgs::msg::Header>("time_topic", qos_profile, std::bind(&[01;31m[KTimePublisher[m[K::publish_time_msg,this, std::placeholders::_1));
      |                                                                                                   [01;31m[K^~~~~~~~~~~~~[m[K
gmake[2]: *** [CMakeFiles/time_subscriber_class.dir/build.make:90: CMakeFiles/time_subscriber_class.dir/src/time_sub.cpp.o] ì˜¤ë¥˜ 1
gmake[2]: *** ëë‚˜ì§€ ì•Šì€ ì‘ì—…ì„ ê¸°ë‹¤ë¦¬ê³  ìˆìŠµë‹ˆë‹¤....
gmake[1]: *** [CMakeFiles/Makefile2:361: CMakeFiles/time_subscriber_class.dir/all] ì˜¤ë¥˜ 2
gmake: *** [Makefile:146: all] ì˜¤ë¥˜ 2
