[0.042s] Invoking command in '/home/hansollee/kdta_ROS2_workspace/build/simple_pkg_cpp': CMAKE_PREFIX_PATH=${CMAKE_PREFIX_PATH}:/opt/ros/humble /usr/bin/cmake --build /home/hansollee/kdta_ROS2_workspace/build/simple_pkg_cpp -- -j4 -l4
[0.148s] -- Found ament_cmake: 1.3.9 (/opt/ros/humble/share/ament_cmake/cmake)
[0.625s] -- Override CMake install command with custom implementation using symlinks instead of copying resources
[0.725s] -- Found rclcpp: 16.0.9 (/opt/ros/humble/share/rclcpp/cmake)
[0.923s] -- Found rosidl_generator_c: 3.1.5 (/opt/ros/humble/share/rosidl_generator_c/cmake)
[0.938s] -- Found rosidl_adapter: 3.1.5 (/opt/ros/humble/share/rosidl_adapter/cmake)
[0.974s] -- Found rosidl_generator_cpp: 3.1.5 (/opt/ros/humble/share/rosidl_generator_cpp/cmake)
[1.033s] -- Using all available rosidl_typesupport_c: rosidl_typesupport_fastrtps_c;rosidl_typesupport_introspection_c
[1.096s] -- Using all available rosidl_typesupport_cpp: rosidl_typesupport_fastrtps_cpp;rosidl_typesupport_introspection_cpp
[1.329s] -- Found rmw_implementation_cmake: 6.1.2 (/opt/ros/humble/share/rmw_implementation_cmake/cmake)
[1.340s] -- Found rmw_fastrtps_cpp: 6.2.6 (/opt/ros/humble/share/rmw_fastrtps_cpp/cmake)
[1.743s] -- Using RMW implementation 'rmw_fastrtps_cpp' as default
[2.491s] -- Found ament_lint_auto: 0.12.11 (/opt/ros/humble/share/ament_lint_auto/cmake)
[2.801s] -- Added test 'cppcheck' to perform static code analysis on C / C++ code
[2.802s] -- Configured cppcheck include dirs: /home/hansollee/kdta_ROS2_workspace/src/simple_pkg_cpp/include
[2.802s] -- Configured cppcheck exclude dirs and/or files: 
[2.811s] -- Added test 'lint_cmake' to check CMake code style
[2.831s] -- Added test 'uncrustify' to check C / C++ code style
[2.832s] -- Configured uncrustify additional arguments: 
[2.836s] -- Added test 'xmllint' to check XML markup files
[2.855s] -- Configuring done
[3.014s] -- Generating done
[3.024s] -- Build files have been written to: /home/hansollee/kdta_ROS2_workspace/build/simple_pkg_cpp
[3.110s] [35m[1mConsolidate compiler generated dependencies of target helloworld[0m
[3.124s] [35m[1mConsolidate compiler generated dependencies of target helloOpenCV[0m
[3.131s] [35m[1mConsolidate compiler generated dependencies of target hello_publisher[0m
[3.154s] [  9%] Built target helloworld
[3.156s] [35m[1mConsolidate compiler generated dependencies of target hello_publisher2[0m
[3.194s] [ 18%] Built target helloOpenCV
[3.206s] [35m[1mConsolidate compiler generated dependencies of target hello_publisher_class[0m
[3.212s] [ 27%] Built target hello_publisher
[3.249s] [ 36%] Built target hello_publisher2
[3.258s] [35m[1mConsolidate compiler generated dependencies of target hello_publisher_class2[0m
[3.274s] [35m[1mConsolidate compiler generated dependencies of target hello_subscriber_class[0m
[3.295s] [ 45%] Built target hello_publisher_class
[3.318s] [35m[1mConsolidate compiler generated dependencies of target time_publisher_class[0m
[3.356s] [ 59%] Built target hello_publisher_class2
[3.378s] [ 63%] [32mBuilding CXX object CMakeFiles/time_subscriber_class.dir/src/time_subscriber_class.cpp.o[0m
[3.387s] [ 77%] Built target hello_subscriber_class
[3.387s] [ 81%] [32mBuilding CXX object CMakeFiles/time_subscriber_class.dir/src/time_sub.cpp.o[0m
[3.411s] [ 95%] Built target time_publisher_class
[11.469s] [01m[K/home/hansollee/kdta_ROS2_workspace/src/simple_pkg_cpp/src/time_sub.cpp:[m[K In constructor â€˜[01m[KTimeSubscriber::TimeSubscriber()[m[Kâ€™:
[11.470s] [01m[K/home/hansollee/kdta_ROS2_workspace/src/simple_pkg_cpp/src/time_sub.cpp:7:99:[m[K [01;31m[Kerror: [m[Kâ€˜[01m[KTimePublisher[m[Kâ€™ has not been declared
[11.470s]     7 |     _sub = this->create_subscription<std_msgs::msg::Header>("time_topic", qos_profile, std::bind(&[01;31m[KTimePublisher[m[K::publish_time_msg,this, std::placeholders::_1));
[11.470s]       |                                                                                                   [01;31m[K^~~~~~~~~~~~~[m[K
[12.811s] gmake[2]: *** [CMakeFiles/time_subscriber_class.dir/build.make:90: CMakeFiles/time_subscriber_class.dir/src/time_sub.cpp.o] ì˜¤ë¥˜ 1
[12.811s] gmake[2]: *** ëë‚˜ì§€ ì•Šì€ ì‘ì—…ì„ ê¸°ë‹¤ë¦¬ê³  ìˆìŠµë‹ˆë‹¤....
[13.055s] gmake[1]: *** [CMakeFiles/Makefile2:361: CMakeFiles/time_subscriber_class.dir/all] ì˜¤ë¥˜ 2
[13.055s] gmake: *** [Makefile:146: all] ì˜¤ë¥˜ 2
[13.062s] Invoked command in '/home/hansollee/kdta_ROS2_workspace/build/simple_pkg_cpp' returned '2': CMAKE_PREFIX_PATH=${CMAKE_PREFIX_PATH}:/opt/ros/humble /usr/bin/cmake --build /home/hansollee/kdta_ROS2_workspace/build/simple_pkg_cpp -- -j4 -l4
