[ 14%] [32mBuilding CXX object CMakeFiles/argument.dir/src/arithmetic/argument.cpp.o[0m
[ 57%] Built target calculator
[ 71%] [32mBuilding CXX object CMakeFiles/operator.dir/src/arithmetic/operator.cpp.o[0m
[01m[K/home/hansollee/kdta_ROS2_workspace/src/arithmetic/src/arithmetic/operator.cpp:[m[K In member function â€˜[01m[Kvoid Operator::timer_callback()[m[Kâ€™:
[01m[K/home/hansollee/kdta_ROS2_workspace/src/arithmetic/src/arithmetic/operator.cpp:26:19:[m[K [01;31m[Kerror: [m[Kâ€˜[01m[K_get[m[Kâ€™ was not declared in this scope; did you mean â€˜[01m[K_gen[m[Kâ€™?
   26 |     int op = _dis([01;31m[K_get[m[K);
      |                   [01;31m[K^~~~[m[K
      |                   [32m[K_gen[m[K
[01m[K/home/hansollee/kdta_ROS2_workspace/src/arithmetic/src/arithmetic/operator.cpp:26:9:[m[K [01;35m[Kwarning: [m[Kunused variable â€˜[01m[Kop[m[Kâ€™ [[01;35m[K]8;;https://gcc.gnu.org/onlinedocs/gcc/Warning-Options.html#index-Wunused-variable-Wunused-variable]8;;[m[K]
   26 |     int [01;35m[Kop[m[K = _dis(_get);
      |         [01;35m[K^~[m[K
gmake[2]: *** [CMakeFiles/operator.dir/build.make:76: CMakeFiles/operator.dir/src/arithmetic/operator.cpp.o] ì˜¤ë¥˜ 1
gmake[1]: *** [CMakeFiles/Makefile2:193: CMakeFiles/operator.dir/all] ì˜¤ë¥˜ 2
gmake[1]: *** ëë‚˜ì§€ ì•Šì€ ì‘ì—…ì„ ê¸°ë‹¤ë¦¬ê³  ìˆìŠµë‹ˆë‹¤....
[ 85%] [32m[1mLinking CXX executable argument[0m
[ 85%] Built target argument
gmake: *** [Makefile:146: all] ì˜¤ë¥˜ 2
