[0.076s] Invoking command in '/home/hansollee/kdta_ROS2_workspace/build/arithmetic': CMAKE_PREFIX_PATH=/home/hansollee/kdta_ROS2_workspace/install/interface_example:/home/hansollee/kdta_ROS2_workspace/install/arithmetic:/home/hansollee/kdta_ROS2_workspace/install/turtlebot3_simulations:/home/hansollee/kdta_ROS2_workspace/install/turtlebot3_gazebo:/home/hansollee/kdta_ROS2_workspace/install/turtlebot3_fake_node:/home/hansollee/kdta_ROS2_workspace/install/simple_pkg_cpp:/home/hansollee/kdta_ROS2_workspace/install/msg:/home/hansollee/kdta_ROS2_workspace/install/move_t_sim:/opt/ros/humble LD_LIBRARY_PATH=/home/hansollee/kdta_ROS2_workspace/install/interface_example/lib:/usr/lib/x86_64-linux-gnu/gazebo-11/plugins:/opt/ros/humble/opt/rviz_ogre_vendor/lib:/opt/ros/humble/lib/x86_64-linux-gnu:/opt/ros/humble/lib:/usr/lib/x86_64-linux-gnu/gazebo-11/plugins:/usr/lib/x86_64-linux-gnu/gazebo-11/plugins:/usr/lib/x86_64-linux-gnu/gazebo-11/plugins:/usr/lib/x86_64-linux-gnu/gazebo-11/plugins:/usr/lib/x86_64-linux-gnu/gazebo-11/plugins:/usr/lib/x86_64-linux-gnu/gazebo-11/plugins /usr/bin/cmake --build /home/hansollee/kdta_ROS2_workspace/build/arithmetic -- -j4 -l4
[0.320s] [ 14%] [32mBuilding CXX object CMakeFiles/argument.dir/src/arithmetic/argument.cpp.o[0m
[0.405s] [ 57%] Built target calculator
[0.452s] [ 71%] [32mBuilding CXX object CMakeFiles/operator.dir/src/arithmetic/operator.cpp.o[0m
[16.681s] [01m[K/home/hansollee/kdta_ROS2_workspace/src/arithmetic/src/arithmetic/operator.cpp:[m[K In member function ‚Äò[01m[Kvoid Operator::timer_callback()[m[K‚Äô:
[16.681s] [01m[K/home/hansollee/kdta_ROS2_workspace/src/arithmetic/src/arithmetic/operator.cpp:26:19:[m[K [01;31m[Kerror: [m[K‚Äò[01m[K_get[m[K‚Äô was not declared in this scope; did you mean ‚Äò[01m[K_gen[m[K‚Äô?
[16.681s]    26 |     int op = _dis([01;31m[K_get[m[K);
[16.681s]       |                   [01;31m[K^~~~[m[K
[16.681s]       |                   [32m[K_gen[m[K
[16.704s] [01m[K/home/hansollee/kdta_ROS2_workspace/src/arithmetic/src/arithmetic/operator.cpp:26:9:[m[K [01;35m[Kwarning: [m[Kunused variable ‚Äò[01m[Kop[m[K‚Äô [[01;35m[K]8;;https://gcc.gnu.org/onlinedocs/gcc/Warning-Options.html#index-Wunused-variable-Wunused-variable]8;;[m[K]
[16.704s]    26 |     int [01;35m[Kop[m[K = _dis(_get);
[16.705s]       |         [01;35m[K^~[m[K
[19.521s] gmake[2]: *** [CMakeFiles/operator.dir/build.make:76: CMakeFiles/operator.dir/src/arithmetic/operator.cpp.o] Ïò§Î•ò 1
[19.527s] gmake[1]: *** [CMakeFiles/Makefile2:193: CMakeFiles/operator.dir/all] Ïò§Î•ò 2
[19.528s] gmake[1]: *** ÎÅùÎÇòÏßÄ ÏïäÏùÄ ÏûëÏóÖÏùÑ Í∏∞Îã§Î¶¨Í≥† ÏûàÏäµÎãàÎã§....
[40.793s] [ 85%] [32m[1mLinking CXX executable argument[0m
[42.311s] [ 85%] Built target argument
[42.321s] gmake: *** [Makefile:146: all] Ïò§Î•ò 2
[42.337s] Invoked command in '/home/hansollee/kdta_ROS2_workspace/build/arithmetic' returned '2': CMAKE_PREFIX_PATH=/home/hansollee/kdta_ROS2_workspace/install/interface_example:/home/hansollee/kdta_ROS2_workspace/install/arithmetic:/home/hansollee/kdta_ROS2_workspace/install/turtlebot3_simulations:/home/hansollee/kdta_ROS2_workspace/install/turtlebot3_gazebo:/home/hansollee/kdta_ROS2_workspace/install/turtlebot3_fake_node:/home/hansollee/kdta_ROS2_workspace/install/simple_pkg_cpp:/home/hansollee/kdta_ROS2_workspace/install/msg:/home/hansollee/kdta_ROS2_workspace/install/move_t_sim:/opt/ros/humble LD_LIBRARY_PATH=/home/hansollee/kdta_ROS2_workspace/install/interface_example/lib:/usr/lib/x86_64-linux-gnu/gazebo-11/plugins:/opt/ros/humble/opt/rviz_ogre_vendor/lib:/opt/ros/humble/lib/x86_64-linux-gnu:/opt/ros/humble/lib:/usr/lib/x86_64-linux-gnu/gazebo-11/plugins:/usr/lib/x86_64-linux-gnu/gazebo-11/plugins:/usr/lib/x86_64-linux-gnu/gazebo-11/plugins:/usr/lib/x86_64-linux-gnu/gazebo-11/plugins:/usr/lib/x86_64-linux-gnu/gazebo-11/plugins:/usr/lib/x86_64-linux-gnu/gazebo-11/plugins /usr/bin/cmake --build /home/hansollee/kdta_ROS2_workspace/build/arithmetic -- -j4 -l4
