[0.030s] Invoking command in '/home/hansollee/kdta_ROS2_workspace/build/simple_pkg_cpp': CMAKE_PREFIX_PATH=${CMAKE_PREFIX_PATH}:/opt/ros/humble /usr/bin/cmake --build /home/hansollee/kdta_ROS2_workspace/build/simple_pkg_cpp -- -j4 -l4
[0.193s] [ 33%] Built target helloworld
[0.204s] [ 66%] Built target helloOpenCV
[0.224s] [ 83%] [32mBuilding CXX object CMakeFiles/hello_publisher.dir/src/hello_publisher.cpp.o[0m
[7.316s] [01m[K/home/hansollee/kdta_ROS2_workspace/src/simple_pkg_cpp/src/hello_publisher.cpp:[m[K In function â€˜[01m[Kint main()[m[Kâ€™:
[7.316s] [01m[K/home/hansollee/kdta_ROS2_workspace/src/simple_pkg_cpp/src/hello_publisher.cpp:13:46:[m[K [01;31m[Kerror: [m[Kâ€˜[01m[KprintHello[m[Kâ€™ was not declared in this scope; did you mean â€˜[01m[KpirntHello[m[Kâ€™?
[7.316s]    13 |     auto timer = node->create_wall_timer(1s, [01;31m[KprintHello[m[K);
[7.316s]       |                                              [01;31m[K^~~~~~~~~~[m[K
[7.316s]       |                                              [32m[KpirntHello[m[K
[9.152s] gmake[2]: *** [CMakeFiles/hello_publisher.dir/build.make:76: CMakeFiles/hello_publisher.dir/src/hello_publisher.cpp.o] ì˜¤ë¥˜ 1
[9.153s] gmake[1]: *** [CMakeFiles/Makefile2:193: CMakeFiles/hello_publisher.dir/all] ì˜¤ë¥˜ 2
[9.164s] gmake: *** [Makefile:146: all] ì˜¤ë¥˜ 2
[9.188s] Invoked command in '/home/hansollee/kdta_ROS2_workspace/build/simple_pkg_cpp' returned '2': CMAKE_PREFIX_PATH=${CMAKE_PREFIX_PATH}:/opt/ros/humble /usr/bin/cmake --build /home/hansollee/kdta_ROS2_workspace/build/simple_pkg_cpp -- -j4 -l4
