[ 15%] Built target moveTurtleSim
[ 31%] Built target moveTurtleBot
[ 47%] Built target moveTurtleBot2
[ 57%] Built target rotate_turtle
[ 68%] Built target canny_camera
[ 78%] Built target canny_camera2
[35m[1mConsolidate compiler generated dependencies of target stay_thirty[0m
[ 89%] Built target simple_ridar
[ 94%] [32mBuilding CXX object CMakeFiles/stay_thirty.dir/src/stay_thirty.cpp.o[0m
[01m[K/home/hansollee/kdta_ROS2_workspace/src/move_t_sim/src/stay_thirty.cpp:[m[K In constructor â€˜[01m[KLaserSensor::LaserSensor()[m[Kâ€™:
[01m[K/home/hansollee/kdta_ROS2_workspace/src/move_t_sim/src/stay_thirty.cpp:21:73:[m[K [01;31m[Kerror: [m[Kâ€˜[01m[Kup[m[Kâ€™ is not a member of â€˜[01m[KLaserSensor[m[Kâ€™
   21 |         _update_timer = create_wall_timer(10ms, std::bind(&LaserSensor::[01;31m[Kup[m[K, this));
      |                                                                         [01;31m[K^~[m[K
gmake[2]: *** [CMakeFiles/stay_thirty.dir/build.make:76: CMakeFiles/stay_thirty.dir/src/stay_thirty.cpp.o] ì˜¤ë¥˜ 1
gmake[1]: *** [CMakeFiles/Makefile2:333: CMakeFiles/stay_thirty.dir/all] ì˜¤ë¥˜ 2
gmake: *** [Makefile:146: all] ì˜¤ë¥˜ 2
