[01m[K/home/hansollee/kdta_ROS2_workspace/src/arithmetic/src/calculator/calculator.cpp:1:6:[m[K [01;31m[Kerror: [m[K‚Äò[01m[KCalculator[m[K‚Äô has not been declared
    1 | void [01;31m[KCalculator[m[K::handle_accepted(const std::shared_ptr<GoalHandleArithmeticChecker> goal_handle)
      |      [01;31m[K^~~~~~~~~~[m[K
[01m[K/home/hansollee/kdta_ROS2_workspace/src/arithmetic/src/calculator/calculator.cpp:1:45:[m[K [01;31m[Kerror: [m[K‚Äò[01m[Kshared_ptr[m[K‚Äô in namespace ‚Äò[01m[Kstd[m[K‚Äô does not name a template type
    1 | void Calculator::handle_accepted(const std::[01;31m[Kshared_ptr[m[K<GoalHandleArithmeticChecker> goal_handle)
      |                                             [01;31m[K^~~~~~~~~~[m[K
[01m[K/home/hansollee/kdta_ROS2_workspace/src/arithmetic/src/calculator/calculator.cpp:1:1:[m[K [01;36m[Knote: [m[K‚Äò[01m[Kstd::shared_ptr[m[K‚Äô is defined in header ‚Äò[01m[K<memory>[m[K‚Äô; did you forget to ‚Äò[01m[K#include <memory>[m[K‚Äô?
  +++ |+[32m[K#include <memory>[m[K
    1 | void Calculator::handle_accepted(const std::shared_ptr<GoalHandleArithmeticChecker> goal_handle)
[01m[K/home/hansollee/kdta_ROS2_workspace/src/arithmetic/src/calculator/calculator.cpp:1:55:[m[K [01;31m[Kerror: [m[Kexpected ‚Äò[01m[K,[m[K‚Äô or ‚Äò[01m[K...[m[K‚Äô before ‚Äò[01m[K<[m[K‚Äô token
    1 | void Calculator::handle_accepted(const std::shared_ptr[01;31m[K<[m[KGoalHandleArithmeticChecker> goal_handle)
      |                                                       [01;31m[K^[m[K
[01m[K/home/hansollee/kdta_ROS2_workspace/src/arithmetic/src/calculator/calculator.cpp:[m[K In function ‚Äò[01m[Kvoid handle_accepted(int)[m[K‚Äô:
[01m[K/home/hansollee/kdta_ROS2_workspace/src/arithmetic/src/calculator/calculator.cpp:3:10:[m[K [01;31m[Kerror: [m[K‚Äò[01m[Kthread[m[K‚Äô is not a member of ‚Äò[01m[Kstd[m[K‚Äô
    3 |     std::[01;31m[Kthread[m[K{std::bind(&Calculator::execute_checker, this, std::placeholders::_1), goal_handle}.detach();
      |          [01;31m[K^~~~~~[m[K
[01m[K/home/hansollee/kdta_ROS2_workspace/src/arithmetic/src/calculator/calculator.cpp:1:1:[m[K [01;36m[Knote: [m[K‚Äò[01m[Kstd::thread[m[K‚Äô is defined in header ‚Äò[01m[K<thread>[m[K‚Äô; did you forget to ‚Äò[01m[K#include <thread>[m[K‚Äô?
  +++ |+[32m[K#include <thread>[m[K
    1 | void Calculator::handle_accepted(const std::shared_ptr<GoalHandleArithmeticChecker> goal_handle)
[01m[K/home/hansollee/kdta_ROS2_workspace/src/arithmetic/src/calculator/calculator.cpp:3:99:[m[K [01;31m[Kerror: [m[Kexpected primary-expression before ‚Äò[01m[K.[m[K‚Äô token
    3 |     std::thread{std::bind(&Calculator::execute_checker, this, std::placeholders::_1), goal_handle}[01;31m[K.[m[Kdetach();
      |                                                                                                   [01;31m[K^[m[K
[01m[K/home/hansollee/kdta_ROS2_workspace/src/arithmetic/src/calculator/calculator.cpp:[m[K At global scope:
[01m[K/home/hansollee/kdta_ROS2_workspace/src/arithmetic/src/calculator/calculator.cpp:6:6:[m[K [01;31m[Kerror: [m[K‚Äò[01m[KCalculator[m[K‚Äô has not been declared
    6 | void [01;31m[KCalculator[m[K::execute_checker(const std::shared_ptr<GoalHandleArithmeticChecker> goal_handle)
      |      [01;31m[K^~~~~~~~~~[m[K
[01m[K/home/hansollee/kdta_ROS2_workspace/src/arithmetic/src/calculator/calculator.cpp:6:45:[m[K [01;31m[Kerror: [m[K‚Äò[01m[Kshared_ptr[m[K‚Äô in namespace ‚Äò[01m[Kstd[m[K‚Äô does not name a template type
    6 | void Calculator::execute_checker(const std::[01;31m[Kshared_ptr[m[K<GoalHandleArithmeticChecker> goal_handle)
      |                                             [01;31m[K^~~~~~~~~~[m[K
[01m[K/home/hansollee/kdta_ROS2_workspace/src/arithmetic/src/calculator/calculator.cpp:6:40:[m[K [01;36m[Knote: [m[K‚Äò[01m[Kstd::shared_ptr[m[K‚Äô is defined in header ‚Äò[01m[K<memory>[m[K‚Äô; did you forget to ‚Äò[01m[K#include <memory>[m[K‚Äô?
    6 | void Calculator::execute_checker(const [01;36m[Kstd[m[K::shared_ptr<GoalHandleArithmeticChecker> goal_handle)
      |                                        [01;36m[K^~~[m[K
[01m[K/home/hansollee/kdta_ROS2_workspace/src/arithmetic/src/calculator/calculator.cpp:6:55:[m[K [01;31m[Kerror: [m[Kexpected ‚Äò[01m[K,[m[K‚Äô or ‚Äò[01m[K...[m[K‚Äô before ‚Äò[01m[K<[m[K‚Äô token
    6 | void Calculator::execute_checker(const std::shared_ptr[01;31m[K<[m[KGoalHandleArithmeticChecker> goal_handle)
      |                                                       [01;31m[K^[m[K
[01m[K/home/hansollee/kdta_ROS2_workspace/src/arithmetic/src/calculator/calculator.cpp:[m[K In function ‚Äò[01m[Kvoid execute_checker(int)[m[K‚Äô:
[01m[K/home/hansollee/kdta_ROS2_workspace/src/arithmetic/src/calculator/calculator.cpp:8:17:[m[K [01;31m[Kerror: [m[K‚Äò[01m[Kget_logger[m[K‚Äô was not declared in this scope
    8 |     RCLCPP_INFO([01;31m[Kget_logger[m[K(), "Executing goal");
      |                 [01;31m[K^~~~~~~~~~[m[K
[01m[K/home/hansollee/kdta_ROS2_workspace/src/arithmetic/src/calculator/calculator.cpp:8:5:[m[K [01;31m[Kerror: [m[K‚Äò[01m[KRCLCPP_INFO[m[K‚Äô was not declared in this scope
    8 |     [01;31m[KRCLCPP_INFO[m[K(get_logger(), "Executing goal");
      |     [01;31m[K^~~~~~~~~~~[m[K
[01m[K/home/hansollee/kdta_ROS2_workspace/src/arithmetic/src/calculator/calculator.cpp:9:5:[m[K [01;31m[Kerror: [m[K‚Äò[01m[Krclcpp[m[K‚Äô has not been declared
    9 |     [01;31m[Krclcpp[m[K::Rate loop_rate(1);
      |     [01;31m[K^~~~~~[m[K
[01m[K/home/hansollee/kdta_ROS2_workspace/src/arithmetic/src/calculator/calculator.cpp:11:22:[m[K [01;31m[Kerror: [m[K‚Äò[01m[Kgoal_handle[m[K‚Äô was not declared in this scope
   11 |     float goal_sum = [01;31m[Kgoal_handle[m[K->get_goal()->goal_sum;
      |                      [01;31m[K^~~~~~~~~~~[m[K
[01m[K/home/hansollee/kdta_ROS2_workspace/src/arithmetic/src/calculator/calculator.cpp:12:26:[m[K [01;31m[Kerror: [m[K‚Äò[01m[Kmake_shared[m[K‚Äô is not a member of ‚Äò[01m[Kstd[m[K‚Äô
   12 |     auto feedback = std::[01;31m[Kmake_shared[m[K<ArithmeticChecker::Feedback>();
      |                          [01;31m[K^~~~~~~~~~~[m[K
[01m[K/home/hansollee/kdta_ROS2_workspace/src/arithmetic/src/calculator/calculator.cpp:12:26:[m[K [01;36m[Knote: [m[K‚Äò[01m[Kstd::make_shared[m[K‚Äô is defined in header ‚Äò[01m[K<memory>[m[K‚Äô; did you forget to ‚Äò[01m[K#include <memory>[m[K‚Äô?
[01m[K/home/hansollee/kdta_ROS2_workspace/src/arithmetic/src/calculator/calculator.cpp:12:38:[m[K [01;31m[Kerror: [m[K‚Äò[01m[KArithmeticChecker[m[K‚Äô has not been declared
   12 |     auto feedback = std::make_shared<[01;31m[KArithmeticChecker[m[K::Feedback>();
      |                                      [01;31m[K^~~~~~~~~~~~~~~~~[m[K
[01m[K/home/hansollee/kdta_ROS2_workspace/src/arithmetic/src/calculator/calculator.cpp:12:67:[m[K [01;31m[Kerror: [m[Kexpected primary-expression before ‚Äò[01m[K)[m[K‚Äô token
   12 |     auto feedback = std::make_shared<ArithmeticChecker::Feedback>([01;31m[K)[m[K;
      |                                                                   [01;31m[K^[m[K
[01m[K/home/hansollee/kdta_ROS2_workspace/src/arithmetic/src/calculator/calculator.cpp:14:38:[m[K [01;31m[Kerror: [m[K‚Äò[01m[Krclcpp[m[K‚Äô has not been declared
   14 |     while ((total_sum < goal_sum) && [01;31m[Krclcpp[m[K::ok())
      |                                      [01;31m[K^~~~~~[m[K
[01m[K/home/hansollee/kdta_ROS2_workspace/src/arithmetic/src/calculator/calculator.cpp:16:22:[m[K [01;31m[Kerror: [m[K‚Äò[01m[K_argument_result[m[K‚Äô was not declared in this scope
   16 |         total_sum += [01;31m[K_argument_result[m[K;
      |                      [01;31m[K^~~~~~~~~~~~~~~~[m[K
[01m[K/home/hansollee/kdta_ROS2_workspace/src/arithmetic/src/calculator/calculator.cpp:17:9:[m[K [01;31m[Kerror: [m[K‚Äò[01m[K_partial_formula[m[K‚Äô was not declared in this scope
   17 |         [01;31m[K_partial_formula[m[K.push_back(_formula_str);
      |         [01;31m[K^~~~~~~~~~~~~~~~[m[K
[01m[K/home/hansollee/kdta_ROS2_workspace/src/arithmetic/src/calculator/calculator.cpp:17:36:[m[K [01;31m[Kerror: [m[K‚Äò[01m[K_formula_str[m[K‚Äô was not declared in this scope
   17 |         _partial_formula.push_back([01;31m[K_formula_str[m[K);
      |                                    [01;31m[K^~~~~~~~~~~~[m[K
[01m[K/home/hansollee/kdta_ROS2_workspace/src/arithmetic/src/calculator/calculator.cpp:30:9:[m[K [01;31m[Kerror: [m[K‚Äò[01m[Kloop_rate[m[K‚Äô was not declared in this scope
   30 |         [01;31m[Kloop_rate[m[K.sleep();
      |         [01;31m[K^~~~~~~~~[m[K
[01m[K/home/hansollee/kdta_ROS2_workspace/src/arithmetic/src/calculator/calculator.cpp:32:9:[m[K [01;31m[Kerror: [m[K‚Äò[01m[Krclcpp[m[K‚Äô has not been declared
   32 |     if ([01;31m[Krclcpp[m[K::ok())
      |         [01;31m[K^~~~~~[m[K
[01m[K/home/hansollee/kdta_ROS2_workspace/src/arithmetic/src/calculator/calculator.cpp:34:28:[m[K [01;31m[Kerror: [m[K‚Äò[01m[Kmake_shared[m[K‚Äô is not a member of ‚Äò[01m[Kstd[m[K‚Äô
   34 |         auto result = std::[01;31m[Kmake_shared[m[K<ArithmeticChecker::Result>();
      |                            [01;31m[K^~~~~~~~~~~[m[K
[01m[K/home/hansollee/kdta_ROS2_workspace/src/arithmetic/src/calculator/calculator.cpp:34:28:[m[K [01;36m[Knote: [m[K‚Äò[01m[Kstd::make_shared[m[K‚Äô is defined in header ‚Äò[01m[K<memory>[m[K‚Äô; did you forget to ‚Äò[01m[K#include <memory>[m[K‚Äô?
[01m[K/home/hansollee/kdta_ROS2_workspace/src/arithmetic/src/calculator/calculator.cpp:34:40:[m[K [01;31m[Kerror: [m[K‚Äò[01m[KArithmeticChecker[m[K‚Äô has not been declared
   34 |         auto result = std::make_shared<[01;31m[KArithmeticChecker[m[K::Result>();
      |                                        [01;31m[K^~~~~~~~~~~~~~~~~[m[K
[01m[K/home/hansollee/kdta_ROS2_workspace/src/arithmetic/src/calculator/calculator.cpp:34:67:[m[K [01;31m[Kerror: [m[Kexpected primary-expression before ‚Äò[01m[K)[m[K‚Äô token
   34 |         auto result = std::make_shared<ArithmeticChecker::Result>([01;31m[K)[m[K;
      |                                                                   [01;31m[K^[m[K
[01m[K/home/hansollee/kdta_ROS2_workspace/src/arithmetic/src/calculator/calculator.cpp:35:31:[m[K [01;31m[Kerror: [m[K‚Äò[01m[K_partial_formula[m[K‚Äô was not declared in this scope
   35 |         result->all_formula = [01;31m[K_partial_formula[m[K;
      |                               [01;31m[K^~~~~~~~~~~~~~~~[m[K
gmake[2]: *** [CMakeFiles/calculator.dir/build.make:76: CMakeFiles/calculator.dir/src/calculator/calculator.cpp.o] Ïò§Î•ò 1
gmake[1]: *** [CMakeFiles/Makefile2:143: CMakeFiles/calculator.dir/all] Ïò§Î•ò 2
gmake[1]: *** ÎÅùÎÇòÏßÄ ÏïäÏùÄ ÏûëÏóÖÏùÑ Í∏∞Îã§Î¶¨Í≥† ÏûàÏäµÎãàÎã§....
gmake: *** [Makefile:146: all] Ïò§Î•ò 2
