[0.022s] Invoking command in '/home/hansollee/kdta_ROS2_workspace/build/arithmetic': CMAKE_PREFIX_PATH=/home/hansollee/kdta_ROS2_workspace/install/interface_example:/home/hansollee/kdta_ROS2_workspace/install/arithmetic:/home/hansollee/kdta_ROS2_workspace/install/turtlebot3_simulations:/home/hansollee/kdta_ROS2_workspace/install/turtlebot3_gazebo:/home/hansollee/kdta_ROS2_workspace/install/turtlebot3_fake_node:/home/hansollee/kdta_ROS2_workspace/install/simple_pkg_cpp:/home/hansollee/kdta_ROS2_workspace/install/msg:/home/hansollee/kdta_ROS2_workspace/install/move_t_sim:/opt/ros/humble LD_LIBRARY_PATH=/home/hansollee/kdta_ROS2_workspace/install/interface_example/lib:/usr/lib/x86_64-linux-gnu/gazebo-11/plugins:/opt/ros/humble/opt/rviz_ogre_vendor/lib:/opt/ros/humble/lib/x86_64-linux-gnu:/opt/ros/humble/lib:/usr/lib/x86_64-linux-gnu/gazebo-11/plugins:/usr/lib/x86_64-linux-gnu/gazebo-11/plugins:/usr/lib/x86_64-linux-gnu/gazebo-11/plugins:/usr/lib/x86_64-linux-gnu/gazebo-11/plugins:/usr/lib/x86_64-linux-gnu/gazebo-11/plugins:/usr/lib/x86_64-linux-gnu/gazebo-11/plugins:/usr/lib/x86_64-linux-gnu/gazebo-11/plugins:/usr/lib/x86_64-linux-gnu/gazebo-11/plugins:/usr/lib/x86_64-linux-gnu/gazebo-11/plugins:/usr/lib/x86_64-linux-gnu/gazebo-11/plugins:/usr/lib/x86_64-linux-gnu/gazebo-11/plugins:/usr/lib/x86_64-linux-gnu/gazebo-11/plugins:/usr/lib/x86_64-linux-gnu/gazebo-11/plugins:/usr/lib/x86_64-linux-gnu/gazebo-11/plugins:/usr/lib/x86_64-linux-gnu/gazebo-11/plugins /usr/bin/cmake --build /home/hansollee/kdta_ROS2_workspace/build/arithmetic -- -j2 -l2
[0.068s] [35m[1mConsolidate compiler generated dependencies of target calculator[0m
[0.078s] [ 20%] Built target argument
[0.111s] [ 40%] Built target operator
[0.113s] [ 50%] [32mBuilding CXX object CMakeFiles/calculator.dir/src/calculator/calculator.cpp.o[0m
[0.128s] [01m[K/home/hansollee/kdta_ROS2_workspace/src/arithmetic/src/calculator/calculator.cpp:1:6:[m[K [01;31m[Kerror: [m[K‚Äò[01m[KCalculator[m[K‚Äô has not been declared
[0.128s]     1 | void [01;31m[KCalculator[m[K::handle_accepted(const std::shared_ptr<GoalHandleArithmeticChecker> goal_handle)
[0.128s]       |      [01;31m[K^~~~~~~~~~[m[K
[0.128s] [01m[K/home/hansollee/kdta_ROS2_workspace/src/arithmetic/src/calculator/calculator.cpp:1:45:[m[K [01;31m[Kerror: [m[K‚Äò[01m[Kshared_ptr[m[K‚Äô in namespace ‚Äò[01m[Kstd[m[K‚Äô does not name a template type
[0.128s]     1 | void Calculator::handle_accepted(const std::[01;31m[Kshared_ptr[m[K<GoalHandleArithmeticChecker> goal_handle)
[0.128s]       |                                             [01;31m[K^~~~~~~~~~[m[K
[0.128s] [01m[K/home/hansollee/kdta_ROS2_workspace/src/arithmetic/src/calculator/calculator.cpp:1:1:[m[K [01;36m[Knote: [m[K‚Äò[01m[Kstd::shared_ptr[m[K‚Äô is defined in header ‚Äò[01m[K<memory>[m[K‚Äô; did you forget to ‚Äò[01m[K#include <memory>[m[K‚Äô?
[0.129s]   +++ |+[32m[K#include <memory>[m[K
[0.129s]     1 | void Calculator::handle_accepted(const std::shared_ptr<GoalHandleArithmeticChecker> goal_handle)
[0.129s] [01m[K/home/hansollee/kdta_ROS2_workspace/src/arithmetic/src/calculator/calculator.cpp:1:55:[m[K [01;31m[Kerror: [m[Kexpected ‚Äò[01m[K,[m[K‚Äô or ‚Äò[01m[K...[m[K‚Äô before ‚Äò[01m[K<[m[K‚Äô token
[0.129s]     1 | void Calculator::handle_accepted(const std::shared_ptr[01;31m[K<[m[KGoalHandleArithmeticChecker> goal_handle)
[0.129s]       |                                                       [01;31m[K^[m[K
[0.129s] [01m[K/home/hansollee/kdta_ROS2_workspace/src/arithmetic/src/calculator/calculator.cpp:[m[K In function ‚Äò[01m[Kvoid handle_accepted(int)[m[K‚Äô:
[0.129s] [01m[K/home/hansollee/kdta_ROS2_workspace/src/arithmetic/src/calculator/calculator.cpp:3:10:[m[K [01;31m[Kerror: [m[K‚Äò[01m[Kthread[m[K‚Äô is not a member of ‚Äò[01m[Kstd[m[K‚Äô
[0.129s]     3 |     std::[01;31m[Kthread[m[K{std::bind(&Calculator::execute_checker, this, std::placeholders::_1), goal_handle}.detach();
[0.129s]       |          [01;31m[K^~~~~~[m[K
[0.129s] [01m[K/home/hansollee/kdta_ROS2_workspace/src/arithmetic/src/calculator/calculator.cpp:1:1:[m[K [01;36m[Knote: [m[K‚Äò[01m[Kstd::thread[m[K‚Äô is defined in header ‚Äò[01m[K<thread>[m[K‚Äô; did you forget to ‚Äò[01m[K#include <thread>[m[K‚Äô?
[0.129s]   +++ |+[32m[K#include <thread>[m[K
[0.129s]     1 | void Calculator::handle_accepted(const std::shared_ptr<GoalHandleArithmeticChecker> goal_handle)
[0.129s] [01m[K/home/hansollee/kdta_ROS2_workspace/src/arithmetic/src/calculator/calculator.cpp:3:99:[m[K [01;31m[Kerror: [m[Kexpected primary-expression before ‚Äò[01m[K.[m[K‚Äô token
[0.129s]     3 |     std::thread{std::bind(&Calculator::execute_checker, this, std::placeholders::_1), goal_handle}[01;31m[K.[m[Kdetach();
[0.129s]       |                                                                                                   [01;31m[K^[m[K
[0.129s] [01m[K/home/hansollee/kdta_ROS2_workspace/src/arithmetic/src/calculator/calculator.cpp:[m[K At global scope:
[0.129s] [01m[K/home/hansollee/kdta_ROS2_workspace/src/arithmetic/src/calculator/calculator.cpp:6:6:[m[K [01;31m[Kerror: [m[K‚Äò[01m[KCalculator[m[K‚Äô has not been declared
[0.129s]     6 | void [01;31m[KCalculator[m[K::execute_checker(const std::shared_ptr<GoalHandleArithmeticChecker> goal_handle)
[0.129s]       |      [01;31m[K^~~~~~~~~~[m[K
[0.129s] [01m[K/home/hansollee/kdta_ROS2_workspace/src/arithmetic/src/calculator/calculator.cpp:6:45:[m[K [01;31m[Kerror: [m[K‚Äò[01m[Kshared_ptr[m[K‚Äô in namespace ‚Äò[01m[Kstd[m[K‚Äô does not name a template type
[0.129s]     6 | void Calculator::execute_checker(const std::[01;31m[Kshared_ptr[m[K<GoalHandleArithmeticChecker> goal_handle)
[0.130s]       |                                             [01;31m[K^~~~~~~~~~[m[K
[0.130s] [01m[K/home/hansollee/kdta_ROS2_workspace/src/arithmetic/src/calculator/calculator.cpp:6:40:[m[K [01;36m[Knote: [m[K‚Äò[01m[Kstd::shared_ptr[m[K‚Äô is defined in header ‚Äò[01m[K<memory>[m[K‚Äô; did you forget to ‚Äò[01m[K#include <memory>[m[K‚Äô?
[0.130s]     6 | void Calculator::execute_checker(const [01;36m[Kstd[m[K::shared_ptr<GoalHandleArithmeticChecker> goal_handle)
[0.130s]       |                                        [01;36m[K^~~[m[K
[0.130s] [01m[K/home/hansollee/kdta_ROS2_workspace/src/arithmetic/src/calculator/calculator.cpp:6:55:[m[K [01;31m[Kerror: [m[Kexpected ‚Äò[01m[K,[m[K‚Äô or ‚Äò[01m[K...[m[K‚Äô before ‚Äò[01m[K<[m[K‚Äô token
[0.130s]     6 | void Calculator::execute_checker(const std::shared_ptr[01;31m[K<[m[KGoalHandleArithmeticChecker> goal_handle)
[0.130s]       |                                                       [01;31m[K^[m[K
[0.131s] [35m[1mConsolidate compiler generated dependencies of target checker[0m
[0.134s] [01m[K/home/hansollee/kdta_ROS2_workspace/src/arithmetic/src/calculator/calculator.cpp:[m[K In function ‚Äò[01m[Kvoid execute_checker(int)[m[K‚Äô:
[0.134s] [01m[K/home/hansollee/kdta_ROS2_workspace/src/arithmetic/src/calculator/calculator.cpp:8:17:[m[K [01;31m[Kerror: [m[K‚Äò[01m[Kget_logger[m[K‚Äô was not declared in this scope
[0.134s]     8 |     RCLCPP_INFO([01;31m[Kget_logger[m[K(), "Executing goal");
[0.134s]       |                 [01;31m[K^~~~~~~~~~[m[K
[0.134s] [01m[K/home/hansollee/kdta_ROS2_workspace/src/arithmetic/src/calculator/calculator.cpp:8:5:[m[K [01;31m[Kerror: [m[K‚Äò[01m[KRCLCPP_INFO[m[K‚Äô was not declared in this scope
[0.134s]     8 |     [01;31m[KRCLCPP_INFO[m[K(get_logger(), "Executing goal");
[0.134s]       |     [01;31m[K^~~~~~~~~~~[m[K
[0.134s] [01m[K/home/hansollee/kdta_ROS2_workspace/src/arithmetic/src/calculator/calculator.cpp:9:5:[m[K [01;31m[Kerror: [m[K‚Äò[01m[Krclcpp[m[K‚Äô has not been declared
[0.134s]     9 |     [01;31m[Krclcpp[m[K::Rate loop_rate(1);
[0.134s]       |     [01;31m[K^~~~~~[m[K
[0.134s] [01m[K/home/hansollee/kdta_ROS2_workspace/src/arithmetic/src/calculator/calculator.cpp:11:22:[m[K [01;31m[Kerror: [m[K‚Äò[01m[Kgoal_handle[m[K‚Äô was not declared in this scope
[0.134s]    11 |     float goal_sum = [01;31m[Kgoal_handle[m[K->get_goal()->goal_sum;
[0.134s]       |                      [01;31m[K^~~~~~~~~~~[m[K
[0.134s] [01m[K/home/hansollee/kdta_ROS2_workspace/src/arithmetic/src/calculator/calculator.cpp:12:26:[m[K [01;31m[Kerror: [m[K‚Äò[01m[Kmake_shared[m[K‚Äô is not a member of ‚Äò[01m[Kstd[m[K‚Äô
[0.135s]    12 |     auto feedback = std::[01;31m[Kmake_shared[m[K<ArithmeticChecker::Feedback>();
[0.135s]       |                          [01;31m[K^~~~~~~~~~~[m[K
[0.135s] [01m[K/home/hansollee/kdta_ROS2_workspace/src/arithmetic/src/calculator/calculator.cpp:12:26:[m[K [01;36m[Knote: [m[K‚Äò[01m[Kstd::make_shared[m[K‚Äô is defined in header ‚Äò[01m[K<memory>[m[K‚Äô; did you forget to ‚Äò[01m[K#include <memory>[m[K‚Äô?
[0.135s] [01m[K/home/hansollee/kdta_ROS2_workspace/src/arithmetic/src/calculator/calculator.cpp:12:38:[m[K [01;31m[Kerror: [m[K‚Äò[01m[KArithmeticChecker[m[K‚Äô has not been declared
[0.135s]    12 |     auto feedback = std::make_shared<[01;31m[KArithmeticChecker[m[K::Feedback>();
[0.135s]       |                                      [01;31m[K^~~~~~~~~~~~~~~~~[m[K
[0.135s] [01m[K/home/hansollee/kdta_ROS2_workspace/src/arithmetic/src/calculator/calculator.cpp:12:67:[m[K [01;31m[Kerror: [m[Kexpected primary-expression before ‚Äò[01m[K)[m[K‚Äô token
[0.135s]    12 |     auto feedback = std::make_shared<ArithmeticChecker::Feedback>([01;31m[K)[m[K;
[0.135s]       |                                                                   [01;31m[K^[m[K
[0.135s] [01m[K/home/hansollee/kdta_ROS2_workspace/src/arithmetic/src/calculator/calculator.cpp:14:38:[m[K [01;31m[Kerror: [m[K‚Äò[01m[Krclcpp[m[K‚Äô has not been declared
[0.135s]    14 |     while ((total_sum < goal_sum) && [01;31m[Krclcpp[m[K::ok())
[0.135s]       |                                      [01;31m[K^~~~~~[m[K
[0.141s] [01m[K/home/hansollee/kdta_ROS2_workspace/src/arithmetic/src/calculator/calculator.cpp:16:22:[m[K [01;31m[Kerror: [m[K‚Äò[01m[K_argument_result[m[K‚Äô was not declared in this scope
[0.141s]    16 |         total_sum += [01;31m[K_argument_result[m[K;
[0.142s]       |                      [01;31m[K^~~~~~~~~~~~~~~~[m[K
[0.142s] [01m[K/home/hansollee/kdta_ROS2_workspace/src/arithmetic/src/calculator/calculator.cpp:17:9:[m[K [01;31m[Kerror: [m[K‚Äò[01m[K_partial_formula[m[K‚Äô was not declared in this scope
[0.142s]    17 |         [01;31m[K_partial_formula[m[K.push_back(_formula_str);
[0.142s]       |         [01;31m[K^~~~~~~~~~~~~~~~[m[K
[0.144s] [01m[K/home/hansollee/kdta_ROS2_workspace/src/arithmetic/src/calculator/calculator.cpp:17:36:[m[K [01;31m[Kerror: [m[K‚Äò[01m[K_formula_str[m[K‚Äô was not declared in this scope
[0.144s]    17 |         _partial_formula.push_back([01;31m[K_formula_str[m[K);
[0.144s]       |                                    [01;31m[K^~~~~~~~~~~~[m[K
[0.144s] [01m[K/home/hansollee/kdta_ROS2_workspace/src/arithmetic/src/calculator/calculator.cpp:30:9:[m[K [01;31m[Kerror: [m[K‚Äò[01m[Kloop_rate[m[K‚Äô was not declared in this scope
[0.144s]    30 |         [01;31m[Kloop_rate[m[K.sleep();
[0.144s]       |         [01;31m[K^~~~~~~~~[m[K
[0.144s] [01m[K/home/hansollee/kdta_ROS2_workspace/src/arithmetic/src/calculator/calculator.cpp:32:9:[m[K [01;31m[Kerror: [m[K‚Äò[01m[Krclcpp[m[K‚Äô has not been declared
[0.144s]    32 |     if ([01;31m[Krclcpp[m[K::ok())
[0.145s]       |         [01;31m[K^~~~~~[m[K
[0.145s] [01m[K/home/hansollee/kdta_ROS2_workspace/src/arithmetic/src/calculator/calculator.cpp:34:28:[m[K [01;31m[Kerror: [m[K‚Äò[01m[Kmake_shared[m[K‚Äô is not a member of ‚Äò[01m[Kstd[m[K‚Äô
[0.145s]    34 |         auto result = std::[01;31m[Kmake_shared[m[K<ArithmeticChecker::Result>();
[0.145s]       |                            [01;31m[K^~~~~~~~~~~[m[K
[0.145s] [01m[K/home/hansollee/kdta_ROS2_workspace/src/arithmetic/src/calculator/calculator.cpp:34:28:[m[K [01;36m[Knote: [m[K‚Äò[01m[Kstd::make_shared[m[K‚Äô is defined in header ‚Äò[01m[K<memory>[m[K‚Äô; did you forget to ‚Äò[01m[K#include <memory>[m[K‚Äô?
[0.146s] [01m[K/home/hansollee/kdta_ROS2_workspace/src/arithmetic/src/calculator/calculator.cpp:34:40:[m[K [01;31m[Kerror: [m[K‚Äò[01m[KArithmeticChecker[m[K‚Äô has not been declared
[0.146s]    34 |         auto result = std::make_shared<[01;31m[KArithmeticChecker[m[K::Result>();
[0.146s]       |                                        [01;31m[K^~~~~~~~~~~~~~~~~[m[K
[0.146s] [01m[K/home/hansollee/kdta_ROS2_workspace/src/arithmetic/src/calculator/calculator.cpp:34:67:[m[K [01;31m[Kerror: [m[Kexpected primary-expression before ‚Äò[01m[K)[m[K‚Äô token
[0.146s]    34 |         auto result = std::make_shared<ArithmeticChecker::Result>([01;31m[K)[m[K;
[0.146s]       |                                                                   [01;31m[K^[m[K
[0.153s] [01m[K/home/hansollee/kdta_ROS2_workspace/src/arithmetic/src/calculator/calculator.cpp:35:31:[m[K [01;31m[Kerror: [m[K‚Äò[01m[K_partial_formula[m[K‚Äô was not declared in this scope
[0.153s]    35 |         result->all_formula = [01;31m[K_partial_formula[m[K;
[0.153s]       |                               [01;31m[K^~~~~~~~~~~~~~~~[m[K
[0.154s] gmake[2]: *** [CMakeFiles/calculator.dir/build.make:76: CMakeFiles/calculator.dir/src/calculator/calculator.cpp.o] Ïò§Î•ò 1
[0.154s] gmake[1]: *** [CMakeFiles/Makefile2:143: CMakeFiles/calculator.dir/all] Ïò§Î•ò 2
[0.154s] gmake[1]: *** ÎÅùÎÇòÏßÄ ÏïäÏùÄ ÏûëÏóÖÏùÑ Í∏∞Îã§Î¶¨Í≥† ÏûàÏäµÎãàÎã§....
[0.158s] [ 80%] Built target checker
[0.160s] gmake: *** [Makefile:146: all] Ïò§Î•ò 2
[0.164s] Invoked command in '/home/hansollee/kdta_ROS2_workspace/build/arithmetic' returned '2': CMAKE_PREFIX_PATH=/home/hansollee/kdta_ROS2_workspace/install/interface_example:/home/hansollee/kdta_ROS2_workspace/install/arithmetic:/home/hansollee/kdta_ROS2_workspace/install/turtlebot3_simulations:/home/hansollee/kdta_ROS2_workspace/install/turtlebot3_gazebo:/home/hansollee/kdta_ROS2_workspace/install/turtlebot3_fake_node:/home/hansollee/kdta_ROS2_workspace/install/simple_pkg_cpp:/home/hansollee/kdta_ROS2_workspace/install/msg:/home/hansollee/kdta_ROS2_workspace/install/move_t_sim:/opt/ros/humble LD_LIBRARY_PATH=/home/hansollee/kdta_ROS2_workspace/install/interface_example/lib:/usr/lib/x86_64-linux-gnu/gazebo-11/plugins:/opt/ros/humble/opt/rviz_ogre_vendor/lib:/opt/ros/humble/lib/x86_64-linux-gnu:/opt/ros/humble/lib:/usr/lib/x86_64-linux-gnu/gazebo-11/plugins:/usr/lib/x86_64-linux-gnu/gazebo-11/plugins:/usr/lib/x86_64-linux-gnu/gazebo-11/plugins:/usr/lib/x86_64-linux-gnu/gazebo-11/plugins:/usr/lib/x86_64-linux-gnu/gazebo-11/plugins:/usr/lib/x86_64-linux-gnu/gazebo-11/plugins:/usr/lib/x86_64-linux-gnu/gazebo-11/plugins:/usr/lib/x86_64-linux-gnu/gazebo-11/plugins:/usr/lib/x86_64-linux-gnu/gazebo-11/plugins:/usr/lib/x86_64-linux-gnu/gazebo-11/plugins:/usr/lib/x86_64-linux-gnu/gazebo-11/plugins:/usr/lib/x86_64-linux-gnu/gazebo-11/plugins:/usr/lib/x86_64-linux-gnu/gazebo-11/plugins:/usr/lib/x86_64-linux-gnu/gazebo-11/plugins:/usr/lib/x86_64-linux-gnu/gazebo-11/plugins /usr/bin/cmake --build /home/hansollee/kdta_ROS2_workspace/build/arithmetic -- -j2 -l2
