[0.031s] Invoking command in '/home/hansollee/kdta_ROS2_workspace/build/arithmetic': CMAKE_PREFIX_PATH=/home/hansollee/kdta_ROS2_workspace/install/interface_example:/home/hansollee/kdta_ROS2_workspace/install/turtlebot3_simulations:/home/hansollee/kdta_ROS2_workspace/install/turtlebot3_gazebo:/home/hansollee/kdta_ROS2_workspace/install/turtlebot3_fake_node:/home/hansollee/kdta_ROS2_workspace/install/simple_pkg_cpp:/home/hansollee/kdta_ROS2_workspace/install/msg:/home/hansollee/kdta_ROS2_workspace/install/move_t_sim:/opt/ros/humble LD_LIBRARY_PATH=/home/hansollee/kdta_ROS2_workspace/install/interface_example/lib:/usr/lib/x86_64-linux-gnu/gazebo-11/plugins:/opt/ros/humble/opt/rviz_ogre_vendor/lib:/opt/ros/humble/lib/x86_64-linux-gnu:/opt/ros/humble/lib:/usr/lib/x86_64-linux-gnu/gazebo-11/plugins:/usr/lib/x86_64-linux-gnu/gazebo-11/plugins:/usr/lib/x86_64-linux-gnu/gazebo-11/plugins /usr/bin/cmake --build /home/hansollee/kdta_ROS2_workspace/build/arithmetic -- -j2 -l2
[0.081s] -- Found ament_cmake: 1.3.9 (/opt/ros/humble/share/ament_cmake/cmake)
[0.320s] -- Override CMake install command with custom implementation using symlinks instead of copying resources
[0.324s] -- Found rclcpp: 16.0.9 (/opt/ros/humble/share/rclcpp/cmake)
[0.381s] -- Found rosidl_generator_c: 3.1.5 (/opt/ros/humble/share/rosidl_generator_c/cmake)
[0.384s] -- Found rosidl_adapter: 3.1.5 (/opt/ros/humble/share/rosidl_adapter/cmake)
[0.393s] -- Found rosidl_generator_cpp: 3.1.5 (/opt/ros/humble/share/rosidl_generator_cpp/cmake)
[0.414s] -- Using all available rosidl_typesupport_c: rosidl_typesupport_fastrtps_c;rosidl_typesupport_introspection_c
[0.436s] -- Using all available rosidl_typesupport_cpp: rosidl_typesupport_fastrtps_cpp;rosidl_typesupport_introspection_cpp
[0.532s] -- Found rmw_implementation_cmake: 6.1.2 (/opt/ros/humble/share/rmw_implementation_cmake/cmake)
[0.533s] -- Found rmw_fastrtps_cpp: 6.2.6 (/opt/ros/humble/share/rmw_fastrtps_cpp/cmake)
[0.728s] -- Using RMW implementation 'rmw_fastrtps_cpp' as default
[0.942s] -- Found interface_example: 0.0.0 (/home/hansollee/kdta_ROS2_workspace/install/interface_example/share/interface_example/cmake)
[1.123s] -- Found rclcpp_action: 16.0.9 (/opt/ros/humble/share/rclcpp_action/cmake)
[1.169s] -- Found ament_lint_auto: 0.12.11 (/opt/ros/humble/share/ament_lint_auto/cmake)
[1.242s] -- Added test 'cppcheck' to perform static code analysis on C / C++ code
[1.242s] -- Configured cppcheck include dirs: /home/hansollee/kdta_ROS2_workspace/src/arithmetic/include
[1.243s] -- Configured cppcheck exclude dirs and/or files: 
[1.243s] -- Added test 'flake8' to check Python code syntax and style conventions
[1.244s] -- Added test 'lint_cmake' to check CMake code style
[1.244s] -- Added test 'pep257' to check Python code against some of the docstring style conventions in PEP 257
[1.246s] -- Added test 'uncrustify' to check C / C++ code style
[1.246s] -- Configured uncrustify additional arguments: 
[1.247s] -- Added test 'xmllint' to check XML markup files
[1.248s] -- Configuring done
[1.297s] -- Generating done
[1.305s] -- Build files have been written to: /home/hansollee/kdta_ROS2_workspace/build/arithmetic
[1.339s] [35m[1mConsolidate compiler generated dependencies of target calculator[0m
[1.390s] [ 10%] [32mBuilding CXX object CMakeFiles/calculator.dir/src/calculator/calculator.cpp.o[0m
[5.434s] [01m[K/home/hansollee/kdta_ROS2_workspace/src/arithmetic/src/calculator/calculator.cpp:[m[K In member function â€˜[01m[Kvoid Calculator::sub_callback(interface_example::msg::ArithmeticArgument_<std::allocator<void> >::SharedPtr)[m[Kâ€™:
[5.434s] [01m[K/home/hansollee/kdta_ROS2_workspace/src/arithmetic/src/calculator/calculator.cpp:24:46:[m[K [01;31m[Kerror: [m[Kâ€˜[01m[Koperator_str[m[Kâ€™ was not declared in this scope; did you mean â€˜[01m[K_operator_str[m[Kâ€™?
[5.434s]    24 |     _operator_str = std::to_string(_sub_a) + [01;31m[Koperator_str[m[K + std::to_string(_sub_b) + "=" + std::to_string(_argument_result);
[5.434s]       |                                              [01;31m[K^~~~~~~~~~~~[m[K
[5.434s]       |                                              [32m[K_operator_str[m[K
[5.454s] [01m[K/home/hansollee/kdta_ROS2_workspace/src/arithmetic/src/calculator/calculator.cpp:[m[K In member function â€˜[01m[Kvoid Calculator::service_callback(std::shared_ptr<interface_example::srv::ArithmeticOperator_Request_<std::allocator<void> > >, std::shared_ptr<interface_example::srv::ArithmeticOperator_Response_<std::allocator<void> > >)[m[Kâ€™:
[5.455s] [01m[K/home/hansollee/kdta_ROS2_workspace/src/arithmetic/src/calculator/calculator.cpp:35:9:[m[K [01;31m[Kerror: [m[Kâ€˜[01m[Koperator_str[m[Kâ€™ was not declared in this scope; did you mean â€˜[01m[K_operator_str[m[Kâ€™?
[5.455s]    35 |         [01;31m[Koperator_str[m[K = "+";
[5.455s]       |         [01;31m[K^~~~~~~~~~~~[m[K
[5.455s]       |         [32m[K_operator_str[m[K
[5.472s] [01m[K/home/hansollee/kdta_ROS2_workspace/src/arithmetic/src/calculator/calculator.cpp:40:9:[m[K [01;31m[Kerror: [m[Kâ€˜[01m[Koperator_str[m[Kâ€™ was not declared in this scope; did you mean â€˜[01m[K_operator_str[m[Kâ€™?
[5.473s]    40 |         [01;31m[Koperator_str[m[K = "-";
[5.473s]       |         [01;31m[K^~~~~~~~~~~~[m[K
[5.473s]       |         [32m[K_operator_str[m[K
[5.484s] [01m[K/home/hansollee/kdta_ROS2_workspace/src/arithmetic/src/calculator/calculator.cpp:45:9:[m[K [01;31m[Kerror: [m[Kâ€˜[01m[Koperator_str[m[Kâ€™ was not declared in this scope; did you mean â€˜[01m[K_operator_str[m[Kâ€™?
[5.484s]    45 |         [01;31m[Koperator_str[m[K = "*";
[5.484s]       |         [01;31m[K^~~~~~~~~~~~[m[K
[5.484s]       |         [32m[K_operator_str[m[K
[5.491s] [01m[K/home/hansollee/kdta_ROS2_workspace/src/arithmetic/src/calculator/calculator.cpp:53:13:[m[K [01;31m[Kerror: [m[Kâ€˜[01m[Koperator_str[m[Kâ€™ was not declared in this scope; did you mean â€˜[01m[K_operator_str[m[Kâ€™?
[5.491s]    53 |             [01;31m[Koperator_str[m[K = "/";
[5.491s]       |             [01;31m[K^~~~~~~~~~~~[m[K
[5.491s]       |             [32m[K_operator_str[m[K
[5.496s] [01m[K/home/hansollee/kdta_ROS2_workspace/src/arithmetic/src/calculator/calculator.cpp:58:13:[m[K [01;31m[Kerror: [m[Kâ€˜[01m[Koperator_str[m[Kâ€™ was not declared in this scope; did you mean â€˜[01m[K_operator_str[m[Kâ€™?
[5.496s]    58 |             [01;31m[Koperator_str[m[K = "/";
[5.497s]       |             [01;31m[K^~~~~~~~~~~~[m[K
[5.497s]       |             [32m[K_operator_str[m[K
[5.511s] [01m[K/home/hansollee/kdta_ROS2_workspace/src/arithmetic/src/calculator/calculator.cpp:65:46:[m[K [01;31m[Kerror: [m[Kâ€˜[01m[Koperator_str[m[Kâ€™ was not declared in this scope; did you mean â€˜[01m[K_operator_str[m[Kâ€™?
[5.512s]    65 |     _operator_str = std::to_string(_sub_a) + [01;31m[Koperator_str[m[K + std::to_string(_sub_b) + "=" + std::to_string(_argument_result);
[5.512s]       |                                              [01;31m[K^~~~~~~~~~~~[m[K
[5.512s]       |                                              [32m[K_operator_str[m[K
[5.531s] [01m[K/home/hansollee/kdta_ROS2_workspace/src/arithmetic/src/calculator/calculator.cpp:[m[K In member function â€˜[01m[Kvoid Calculator::execute_checker(std::shared_ptr<rclcpp_action::ServerGoalHandle<interface_example::action::ArithmeticChecker> >)[m[Kâ€™:
[5.532s] [01m[K/home/hansollee/kdta_ROS2_workspace/src/arithmetic/src/calculator/calculator.cpp:97:49:[m[K [01;31m[Kerror: [m[Kno match for â€˜[01m[Koperator=[m[Kâ€™ (operand types are â€˜[01m[Kinterface_example::action::ArithmeticChecker_Feedback_<std::allocator<void> >::_formula_type[m[Kâ€™ {aka â€˜[01m[Kstd::vector<std::__cxx11::basic_string<char>, std::allocator<std::__cxx11::basic_string<char> > >[m[Kâ€™} and â€˜[01m[Kconst char*[m[Kâ€™)
[5.532s]    97 |         feedback->formula = _operator_str.c_str([01;31m[K)[m[K;
[5.532s]       |                                                 [01;31m[K^[m[K
[5.533s] In file included from [01m[K/usr/include/c++/11/vector:72[m[K,
[5.533s]                  from [01m[K/usr/include/c++/11/functional:62[m[K,
[5.533s]                  from [01m[K/usr/include/c++/11/pstl/glue_algorithm_defs.h:13[m[K,
[5.533s]                  from [01m[K/usr/include/c++/11/algorithm:74[m[K,
[5.533s]                  from [01m[K/home/hansollee/kdta_ROS2_workspace/build/interface_example/rosidl_generator_cpp/interface_example/action/detail/arithmetic_checker__struct.hpp:8[m[K,
[5.533s]                  from [01m[K/home/hansollee/kdta_ROS2_workspace/build/interface_example/rosidl_generator_cpp/interface_example/action/arithmetic_checker.hpp:7[m[K,
[5.533s]                  from [01m[K/home/hansollee/kdta_ROS2_workspace/src/arithmetic/include/calculator/calculator.hpp:4[m[K,
[5.533s]                  from [01m[K/home/hansollee/kdta_ROS2_workspace/src/arithmetic/src/calculator/calculator.cpp:1[m[K:
[5.533s] [01m[K/usr/include/c++/11/bits/vector.tcc:198:5:[m[K [01;36m[Knote: [m[Kcandidate: â€˜[01m[Kstd::vector<_Tp, _Alloc>& std::vector<_Tp, _Alloc>::operator=(const std::vector<_Tp, _Alloc>&) [with _Tp = std::__cxx11::basic_string<char>; _Alloc = std::allocator<std::__cxx11::basic_string<char> >][m[Kâ€™
[5.533s]   198 |     [01;36m[Kvector<_Tp, _Alloc>[m[K::
[5.533s]       |     [01;36m[K^~~~~~~~~~~~~~~~~~~[m[K
[5.533s] [01m[K/usr/include/c++/11/bits/vector.tcc:199:42:[m[K [01;36m[Knote: [m[K  no known conversion for argument 1 from â€˜[01m[Kconst char*[m[Kâ€™ to â€˜[01m[Kconst std::vector<std::__cxx11::basic_string<char>, std::allocator<std::__cxx11::basic_string<char> > >&[m[Kâ€™
[5.533s]   199 |     operator=([01;36m[Kconst vector<_Tp, _Alloc>& __x[m[K)
[5.533s]       |               [01;36m[K~~~~~~~~~~~~~~~~~~~~~~~~~~~^~~[m[K
[5.533s] In file included from [01m[K/usr/include/c++/11/vector:67[m[K,
[5.534s]                  from [01m[K/usr/include/c++/11/functional:62[m[K,
[5.534s]                  from [01m[K/usr/include/c++/11/pstl/glue_algorithm_defs.h:13[m[K,
[5.534s]                  from [01m[K/usr/include/c++/11/algorithm:74[m[K,
[5.534s]                  from [01m[K/home/hansollee/kdta_ROS2_workspace/build/interface_example/rosidl_generator_cpp/interface_example/action/detail/arithmetic_checker__struct.hpp:8[m[K,
[5.534s]                  from [01m[K/home/hansollee/kdta_ROS2_workspace/build/interface_example/rosidl_generator_cpp/interface_example/action/arithmetic_checker.hpp:7[m[K,
[5.534s]                  from [01m[K/home/hansollee/kdta_ROS2_workspace/src/arithmetic/include/calculator/calculator.hpp:4[m[K,
[5.534s]                  from [01m[K/home/hansollee/kdta_ROS2_workspace/src/arithmetic/src/calculator/calculator.cpp:1[m[K:
[5.534s] [01m[K/usr/include/c++/11/bits/stl_vector.h:709:7:[m[K [01;36m[Knote: [m[Kcandidate: â€˜[01m[Kstd::vector<_Tp, _Alloc>& std::vector<_Tp, _Alloc>::operator=(std::vector<_Tp, _Alloc>&&) [with _Tp = std::__cxx11::basic_string<char>; _Alloc = std::allocator<std::__cxx11::basic_string<char> >][m[Kâ€™
[5.534s]   709 |       [01;36m[Koperator[m[K=(vector&& __x) noexcept(_Alloc_traits::_S_nothrow_move())
[5.534s]       |       [01;36m[K^~~~~~~~[m[K
[5.542s] [01m[K/usr/include/c++/11/bits/stl_vector.h:709:26:[m[K [01;36m[Knote: [m[K  no known conversion for argument 1 from â€˜[01m[Kconst char*[m[Kâ€™ to â€˜[01m[Kstd::vector<std::__cxx11::basic_string<char>, std::allocator<std::__cxx11::basic_string<char> > >&&[m[Kâ€™
[5.542s]   709 |       operator=([01;36m[Kvector&& __x[m[K) noexcept(_Alloc_traits::_S_nothrow_move())
[5.542s]       |                 [01;36m[K~~~~~~~~~^~~[m[K
[5.542s] [01m[K/usr/include/c++/11/bits/stl_vector.h:730:7:[m[K [01;36m[Knote: [m[Kcandidate: â€˜[01m[Kstd::vector<_Tp, _Alloc>& std::vector<_Tp, _Alloc>::operator=(std::initializer_list<_Tp>) [with _Tp = std::__cxx11::basic_string<char>; _Alloc = std::allocator<std::__cxx11::basic_string<char> >][m[Kâ€™
[5.542s]   730 |       [01;36m[Koperator[m[K=(initializer_list<value_type> __l)
[5.542s]       |       [01;36m[K^~~~~~~~[m[K
[5.542s] [01m[K/usr/include/c++/11/bits/stl_vector.h:730:46:[m[K [01;36m[Knote: [m[K  no known conversion for argument 1 from â€˜[01m[Kconst char*[m[Kâ€™ to â€˜[01m[Kstd::initializer_list<std::__cxx11::basic_string<char> >[m[Kâ€™
[5.542s]   730 |       operator=([01;36m[Kinitializer_list<value_type> __l[m[K)
[5.542s]       |                 [01;36m[K~~~~~~~~~~~~~~~~~~~~~~~~~~~~~^~~[m[K
[9.202s] gmake[2]: *** [CMakeFiles/calculator.dir/build.make:76: CMakeFiles/calculator.dir/src/calculator/calculator.cpp.o] ì˜¤ë¥˜ 1
[9.202s] gmake[1]: *** [CMakeFiles/Makefile2:143: CMakeFiles/calculator.dir/all] ì˜¤ë¥˜ 2
[9.203s] gmake: *** [Makefile:146: all] ì˜¤ë¥˜ 2
[9.204s] Invoked command in '/home/hansollee/kdta_ROS2_workspace/build/arithmetic' returned '2': CMAKE_PREFIX_PATH=/home/hansollee/kdta_ROS2_workspace/install/interface_example:/home/hansollee/kdta_ROS2_workspace/install/turtlebot3_simulations:/home/hansollee/kdta_ROS2_workspace/install/turtlebot3_gazebo:/home/hansollee/kdta_ROS2_workspace/install/turtlebot3_fake_node:/home/hansollee/kdta_ROS2_workspace/install/simple_pkg_cpp:/home/hansollee/kdta_ROS2_workspace/install/msg:/home/hansollee/kdta_ROS2_workspace/install/move_t_sim:/opt/ros/humble LD_LIBRARY_PATH=/home/hansollee/kdta_ROS2_workspace/install/interface_example/lib:/usr/lib/x86_64-linux-gnu/gazebo-11/plugins:/opt/ros/humble/opt/rviz_ogre_vendor/lib:/opt/ros/humble/lib/x86_64-linux-gnu:/opt/ros/humble/lib:/usr/lib/x86_64-linux-gnu/gazebo-11/plugins:/usr/lib/x86_64-linux-gnu/gazebo-11/plugins:/usr/lib/x86_64-linux-gnu/gazebo-11/plugins /usr/bin/cmake --build /home/hansollee/kdta_ROS2_workspace/build/arithmetic -- -j2 -l2
