-- Found ament_cmake: 1.3.9 (/opt/ros/humble/share/ament_cmake/cmake)
-- Override CMake install command with custom implementation using symlinks instead of copying resources
-- Found rclcpp: 16.0.9 (/opt/ros/humble/share/rclcpp/cmake)
-- Found rosidl_generator_c: 3.1.5 (/opt/ros/humble/share/rosidl_generator_c/cmake)
-- Found rosidl_adapter: 3.1.5 (/opt/ros/humble/share/rosidl_adapter/cmake)
-- Found rosidl_generator_cpp: 3.1.5 (/opt/ros/humble/share/rosidl_generator_cpp/cmake)
-- Using all available rosidl_typesupport_c: rosidl_typesupport_fastrtps_c;rosidl_typesupport_introspection_c
-- Using all available rosidl_typesupport_cpp: rosidl_typesupport_fastrtps_cpp;rosidl_typesupport_introspection_cpp
-- Found rmw_implementation_cmake: 6.1.2 (/opt/ros/humble/share/rmw_implementation_cmake/cmake)
-- Found rmw_fastrtps_cpp: 6.2.6 (/opt/ros/humble/share/rmw_fastrtps_cpp/cmake)
-- Using RMW implementation 'rmw_fastrtps_cpp' as default
-- Found ament_lint_auto: 0.12.11 (/opt/ros/humble/share/ament_lint_auto/cmake)
-- Added test 'cppcheck' to perform static code analysis on C / C++ code
-- Configured cppcheck include dirs: /home/hansollee/kdta_ROS2_workspace/src/msg/include
-- Configured cppcheck exclude dirs and/or files: 
-- Added test 'lint_cmake' to check CMake code style
-- Added test 'uncrustify' to check C / C++ code style
-- Configured uncrustify additional arguments: 
-- Added test 'xmllint' to check XML markup files
-- Configuring done
-- Generating done
-- Build files have been written to: /home/hansollee/kdta_ROS2_workspace/build/msg
[35m[1mConsolidate compiler generated dependencies of target message_publisher_class[0m
[35m[1mConsolidate compiler generated dependencies of target message_subscriber_class[0m
[35m[1mConsolidate compiler generated dependencies of target message2_subscriber_class[0m
[  6%] [32mBuilding CXX object CMakeFiles/message_time_subscriber_class.dir/src/message_time_subscriber_class.cpp.o[0m
[ 26%] Built target message_publisher_class
[ 46%] Built target message_subscriber_class
[ 66%] Built target message2_subscriber_class
[ 73%] [32mBuilding CXX object CMakeFiles/message_time_subscriber_class.dir/src/mtsub.cpp.o[0m
[ 80%] [32mBuilding CXX object CMakeFiles/time_publisher_class.dir/src/time_publisher_class.cpp.o[0m
[ 86%] [32mBuilding CXX object CMakeFiles/time_publisher_class.dir/src/tpub.cpp.o[0m
[01m[K/home/hansollee/kdta_ROS2_workspace/src/msg/src/time_publisher_class.cpp:1:10:[m[K [01;31m[Kfatal error: [m[Ksimple_pkg_cpp/time_pub.hpp: ê·¸ëŸ° íŒŒì¼ì´ë‚˜ ë””ë ‰í„°ë¦¬ê°€ ì—†ìŠµë‹ˆë‹¤
    1 | #include [01;31m[K"simple_pkg_cpp/time_pub.hpp"[m[K
      |          [01;31m[K^~~~~~~~~~~~~~~~~~~~~~~~~~~~~[m[K
compilation terminated.
gmake[2]: *** [CMakeFiles/time_publisher_class.dir/build.make:76: CMakeFiles/time_publisher_class.dir/src/time_publisher_class.cpp.o] ì˜¤ë¥˜ 1
gmake[2]: *** ëë‚˜ì§€ ì•Šì€ ì‘ì—…ì„ ê¸°ë‹¤ë¦¬ê³  ìˆìŠµë‹ˆë‹¤....
gmake[1]: *** [CMakeFiles/Makefile2:249: CMakeFiles/time_publisher_class.dir/all] ì˜¤ë¥˜ 2
gmake[1]: *** ëë‚˜ì§€ ì•Šì€ ì‘ì—…ì„ ê¸°ë‹¤ë¦¬ê³  ìˆìŠµë‹ˆë‹¤....
[ 93%] [32m[1mLinking CXX executable message_time_subscriber_class[0m
[ 93%] Built target message_time_subscriber_class
gmake: *** [Makefile:146: all] ì˜¤ë¥˜ 2
