-- The C compiler identification is GNU 11.4.0
-- The CXX compiler identification is GNU 11.4.0
-- Detecting C compiler ABI info
-- Detecting C compiler ABI info - done
-- Check for working C compiler: /usr/bin/cc - skipped
-- Detecting C compile features
-- Detecting C compile features - done
-- Detecting CXX compiler ABI info
-- Detecting CXX compiler ABI info - done
-- Check for working CXX compiler: /usr/bin/c++ - skipped
-- Detecting CXX compile features
-- Detecting CXX compile features - done
-- Found ament_cmake: 1.3.9 (/opt/ros/humble/share/ament_cmake/cmake)
-- Found Python3: /usr/bin/python3 (found version "3.10.12") found components: Interpreter 
-- Override CMake install command with custom implementation using symlinks instead of copying resources
-- Found rclcpp: 16.0.9 (/opt/ros/humble/share/rclcpp/cmake)
-- Found rosidl_generator_c: 3.1.5 (/opt/ros/humble/share/rosidl_generator_c/cmake)
-- Found rosidl_adapter: 3.1.5 (/opt/ros/humble/share/rosidl_adapter/cmake)
-- Found rosidl_generator_cpp: 3.1.5 (/opt/ros/humble/share/rosidl_generator_cpp/cmake)
-- Using all available rosidl_typesupport_c: rosidl_typesupport_fastrtps_c;rosidl_typesupport_introspection_c
-- Using all available rosidl_typesupport_cpp: rosidl_typesupport_fastrtps_cpp;rosidl_typesupport_introspection_cpp
-- Found rmw_implementation_cmake: 6.1.2 (/opt/ros/humble/share/rmw_implementation_cmake/cmake)
-- Found rmw_fastrtps_cpp: 6.2.6 (/opt/ros/humble/share/rmw_fastrtps_cpp/cmake)
-- Found OpenSSL: /usr/lib/x86_64-linux-gnu/libcrypto.so (found version "3.0.2")  
-- Found FastRTPS: /opt/ros/humble/include  
-- Using RMW implementation 'rmw_fastrtps_cpp' as default
-- Looking for pthread.h
-- Looking for pthread.h - found
-- Performing Test CMAKE_HAVE_LIBC_PTHREAD
-- Performing Test CMAKE_HAVE_LIBC_PTHREAD - Success
-- Found Threads: TRUE  
-- Found interface_example: 0.0.0 (/home/hansollee/kdta_ROS2_workspace/install/interface_example/share/interface_example/cmake)
-- Found rclcpp_action: 16.0.9 (/opt/ros/humble/share/rclcpp_action/cmake)
-- Found ament_lint_auto: 0.12.11 (/opt/ros/humble/share/ament_lint_auto/cmake)
-- Added test 'cppcheck' to perform static code analysis on C / C++ code
-- Configured cppcheck include dirs: /home/hansollee/kdta_ROS2_workspace/src/arithmetic/include
-- Configured cppcheck exclude dirs and/or files: 
-- Added test 'flake8' to check Python code syntax and style conventions
-- Added test 'lint_cmake' to check CMake code style
-- Added test 'pep257' to check Python code against some of the docstring style conventions in PEP 257
-- Added test 'uncrustify' to check C / C++ code style
-- Configured uncrustify additional arguments: 
-- Added test 'xmllint' to check XML markup files
-- Configuring done
-- Generating done
-- Build files have been written to: /home/hansollee/kdta_ROS2_workspace/build/arithmetic
[ 14%] [32mBuilding CXX object CMakeFiles/calculator.dir/src/calculator/calculator.cpp.o[0m
[01m[K/home/hansollee/kdta_ROS2_workspace/src/arithmetic/src/calculator/calculator.cpp:[m[K In member function â€˜[01m[Kvoid Calculator::sub_callback(interface_example::msg::ArithmeticArgument_<std::allocator<void> >::SharedPtr)[m[Kâ€™:
[01m[K/home/hansollee/kdta_ROS2_workspace/src/arithmetic/src/calculator/calculator.cpp:24:46:[m[K [01;31m[Kerror: [m[Kâ€˜[01m[Koperator_str[m[Kâ€™ was not declared in this scope; did you mean â€˜[01m[K_operator_str[m[Kâ€™?
   24 |     _operator_str = std::to_string(_sub_a) + [01;31m[Koperator_str[m[K + std::to_string(_sub_b) + "=" + std::to_string(_argument_result);
      |                                              [01;31m[K^~~~~~~~~~~~[m[K
      |                                              [32m[K_operator_str[m[K
[01m[K/home/hansollee/kdta_ROS2_workspace/src/arithmetic/src/calculator/calculator.cpp:[m[K In member function â€˜[01m[Kvoid Calculator::service_callback(std::shared_ptr<interface_example::srv::ArithmeticOperator_Request_<std::allocator<void> > >, std::shared_ptr<interface_example::srv::ArithmeticOperator_Response_<std::allocator<void> > >)[m[Kâ€™:
[01m[K/home/hansollee/kdta_ROS2_workspace/src/arithmetic/src/calculator/calculator.cpp:35:9:[m[K [01;31m[Kerror: [m[Kâ€˜[01m[Koperator_str[m[Kâ€™ was not declared in this scope; did you mean â€˜[01m[K_operator_str[m[Kâ€™?
   35 |         [01;31m[Koperator_str[m[K = "+";
      |         [01;31m[K^~~~~~~~~~~~[m[K
      |         [32m[K_operator_str[m[K
[01m[K/home/hansollee/kdta_ROS2_workspace/src/arithmetic/src/calculator/calculator.cpp:40:9:[m[K [01;31m[Kerror: [m[Kâ€˜[01m[Koperator_str[m[Kâ€™ was not declared in this scope; did you mean â€˜[01m[K_operator_str[m[Kâ€™?
   40 |         [01;31m[Koperator_str[m[K = "-";
      |         [01;31m[K^~~~~~~~~~~~[m[K
      |         [32m[K_operator_str[m[K
[01m[K/home/hansollee/kdta_ROS2_workspace/src/arithmetic/src/calculator/calculator.cpp:45:9:[m[K [01;31m[Kerror: [m[Kâ€˜[01m[Koperator_str[m[Kâ€™ was not declared in this scope; did you mean â€˜[01m[K_operator_str[m[Kâ€™?
   45 |         [01;31m[Koperator_str[m[K = "*";
      |         [01;31m[K^~~~~~~~~~~~[m[K
      |         [32m[K_operator_str[m[K
[01m[K/home/hansollee/kdta_ROS2_workspace/src/arithmetic/src/calculator/calculator.cpp:53:13:[m[K [01;31m[Kerror: [m[Kâ€˜[01m[Koperator_str[m[Kâ€™ was not declared in this scope; did you mean â€˜[01m[K_operator_str[m[Kâ€™?
   53 |             [01;31m[Koperator_str[m[K = "/";
      |             [01;31m[K^~~~~~~~~~~~[m[K
      |             [32m[K_operator_str[m[K
[01m[K/home/hansollee/kdta_ROS2_workspace/src/arithmetic/src/calculator/calculator.cpp:58:13:[m[K [01;31m[Kerror: [m[Kâ€˜[01m[Koperator_str[m[Kâ€™ was not declared in this scope; did you mean â€˜[01m[K_operator_str[m[Kâ€™?
   58 |             [01;31m[Koperator_str[m[K = "/";
      |             [01;31m[K^~~~~~~~~~~~[m[K
      |             [32m[K_operator_str[m[K
[01m[K/home/hansollee/kdta_ROS2_workspace/src/arithmetic/src/calculator/calculator.cpp:65:46:[m[K [01;31m[Kerror: [m[Kâ€˜[01m[Koperator_str[m[Kâ€™ was not declared in this scope; did you mean â€˜[01m[K_operator_str[m[Kâ€™?
   65 |     _operator_str = std::to_string(_sub_a) + [01;31m[Koperator_str[m[K + std::to_string(_sub_b) + "=" + std::to_string(_argument_result);
      |                                              [01;31m[K^~~~~~~~~~~~[m[K
      |                                              [32m[K_operator_str[m[K
[01m[K/home/hansollee/kdta_ROS2_workspace/src/arithmetic/src/calculator/calculator.cpp:[m[K In member function â€˜[01m[Kvoid Calculator::execute_checker(std::shared_ptr<rclcpp_action::ServerGoalHandle<interface_example::action::ArithmeticChecker> >)[m[Kâ€™:
[01m[K/home/hansollee/kdta_ROS2_workspace/src/arithmetic/src/calculator/calculator.cpp:97:29:[m[K [01;31m[Kerror: [m[Kâ€˜[01m[K_operator_std[m[Kâ€™ was not declared in this scope; did you mean â€˜[01m[K_operator_str[m[Kâ€™?
   97 |         feedback->formula = [01;31m[K_operator_std[m[K.c_str();
      |                             [01;31m[K^~~~~~~~~~~~~[m[K
      |                             [32m[K_operator_str[m[K
gmake[2]: *** [CMakeFiles/calculator.dir/build.make:76: CMakeFiles/calculator.dir/src/calculator/calculator.cpp.o] ì˜¤ë¥˜ 1
gmake[1]: *** [CMakeFiles/Makefile2:141: CMakeFiles/calculator.dir/all] ì˜¤ë¥˜ 2
gmake: *** [Makefile:146: all] ì˜¤ë¥˜ 2
