[0.036s] Invoking command in '/home/hansollee/kdta_ROS2_workspace/build/arithmetic': CMAKE_PREFIX_PATH=/home/hansollee/kdta_ROS2_workspace/install/interface_example:/home/hansollee/kdta_ROS2_workspace/install/turtlebot3_simulations:/home/hansollee/kdta_ROS2_workspace/install/turtlebot3_gazebo:/home/hansollee/kdta_ROS2_workspace/install/turtlebot3_fake_node:/home/hansollee/kdta_ROS2_workspace/install/simple_pkg_cpp:/home/hansollee/kdta_ROS2_workspace/install/msg:/home/hansollee/kdta_ROS2_workspace/install/move_t_sim:/home/hansollee/kdta_ROS2_workspace/install/arithmetic:/opt/ros/humble LD_LIBRARY_PATH=/home/hansollee/kdta_ROS2_workspace/install/interface_example/lib:/usr/lib/x86_64-linux-gnu/gazebo-11/plugins:/opt/ros/humble/opt/rviz_ogre_vendor/lib:/opt/ros/humble/lib/x86_64-linux-gnu:/opt/ros/humble/lib:/usr/lib/x86_64-linux-gnu/gazebo-11/plugins:/usr/lib/x86_64-linux-gnu/gazebo-11/plugins:/usr/lib/x86_64-linux-gnu/gazebo-11/plugins /usr/bin/cmake /home/hansollee/kdta_ROS2_workspace/src/arithmetic -DAMENT_CMAKE_SYMLINK_INSTALL=1 -DCMAKE_INSTALL_PREFIX=/home/hansollee/kdta_ROS2_workspace/install/arithmetic
[0.118s] -- The C compiler identification is GNU 11.4.0
[0.158s] -- The CXX compiler identification is GNU 11.4.0
[0.162s] -- Detecting C compiler ABI info
[0.265s] -- Detecting C compiler ABI info - done
[0.271s] -- Check for working C compiler: /usr/bin/cc - skipped
[0.271s] -- Detecting C compile features
[0.271s] -- Detecting C compile features - done
[0.274s] -- Detecting CXX compiler ABI info
[0.367s] -- Detecting CXX compiler ABI info - done
[0.373s] -- Check for working CXX compiler: /usr/bin/c++ - skipped
[0.374s] -- Detecting CXX compile features
[0.374s] -- Detecting CXX compile features - done
[0.377s] -- Found ament_cmake: 1.3.9 (/opt/ros/humble/share/ament_cmake/cmake)
[0.575s] -- Found Python3: /usr/bin/python3 (found version "3.10.12") found components: Interpreter 
[0.658s] -- Override CMake install command with custom implementation using symlinks instead of copying resources
[0.684s] -- Found rclcpp: 16.0.9 (/opt/ros/humble/share/rclcpp/cmake)
[0.744s] -- Found rosidl_generator_c: 3.1.5 (/opt/ros/humble/share/rosidl_generator_c/cmake)
[0.754s] -- Found rosidl_adapter: 3.1.5 (/opt/ros/humble/share/rosidl_adapter/cmake)
[0.755s] -- Found rosidl_generator_cpp: 3.1.5 (/opt/ros/humble/share/rosidl_generator_cpp/cmake)
[0.766s] -- Using all available rosidl_typesupport_c: rosidl_typesupport_fastrtps_c;rosidl_typesupport_introspection_c
[0.780s] -- Using all available rosidl_typesupport_cpp: rosidl_typesupport_fastrtps_cpp;rosidl_typesupport_introspection_cpp
[0.867s] -- Found rmw_implementation_cmake: 6.1.2 (/opt/ros/humble/share/rmw_implementation_cmake/cmake)
[0.874s] -- Found rmw_fastrtps_cpp: 6.2.6 (/opt/ros/humble/share/rmw_fastrtps_cpp/cmake)
[0.989s] -- Found OpenSSL: /usr/lib/x86_64-linux-gnu/libcrypto.so (found version "3.0.2")  
[1.040s] -- Found FastRTPS: /opt/ros/humble/include  
[1.146s] -- Using RMW implementation 'rmw_fastrtps_cpp' as default
[1.164s] -- Looking for pthread.h
[1.253s] -- Looking for pthread.h - found
[1.253s] -- Performing Test CMAKE_HAVE_LIBC_PTHREAD
[1.324s] -- Performing Test CMAKE_HAVE_LIBC_PTHREAD - Success
[1.342s] -- Found Threads: TRUE  
[1.493s] -- Found interface_example: 0.0.0 (/home/hansollee/kdta_ROS2_workspace/install/interface_example/share/interface_example/cmake)
[1.596s] -- Found rclcpp_action: 16.0.9 (/opt/ros/humble/share/rclcpp_action/cmake)
[1.624s] -- Found ament_lint_auto: 0.12.11 (/opt/ros/humble/share/ament_lint_auto/cmake)
[1.718s] -- Added test 'cppcheck' to perform static code analysis on C / C++ code
[1.723s] -- Configured cppcheck include dirs: /home/hansollee/kdta_ROS2_workspace/src/arithmetic/include
[1.723s] -- Configured cppcheck exclude dirs and/or files: 
[1.724s] -- Added test 'flake8' to check Python code syntax and style conventions
[1.728s] -- Added test 'lint_cmake' to check CMake code style
[1.728s] -- Added test 'pep257' to check Python code against some of the docstring style conventions in PEP 257
[1.729s] -- Added test 'uncrustify' to check C / C++ code style
[1.729s] -- Configured uncrustify additional arguments: 
[1.733s] -- Added test 'xmllint' to check XML markup files
[1.741s] -- Configuring done
[1.756s] -- Generating done
[1.758s] -- Build files have been written to: /home/hansollee/kdta_ROS2_workspace/build/arithmetic
[1.782s] Invoked command in '/home/hansollee/kdta_ROS2_workspace/build/arithmetic' returned '0': CMAKE_PREFIX_PATH=/home/hansollee/kdta_ROS2_workspace/install/interface_example:/home/hansollee/kdta_ROS2_workspace/install/turtlebot3_simulations:/home/hansollee/kdta_ROS2_workspace/install/turtlebot3_gazebo:/home/hansollee/kdta_ROS2_workspace/install/turtlebot3_fake_node:/home/hansollee/kdta_ROS2_workspace/install/simple_pkg_cpp:/home/hansollee/kdta_ROS2_workspace/install/msg:/home/hansollee/kdta_ROS2_workspace/install/move_t_sim:/home/hansollee/kdta_ROS2_workspace/install/arithmetic:/opt/ros/humble LD_LIBRARY_PATH=/home/hansollee/kdta_ROS2_workspace/install/interface_example/lib:/usr/lib/x86_64-linux-gnu/gazebo-11/plugins:/opt/ros/humble/opt/rviz_ogre_vendor/lib:/opt/ros/humble/lib/x86_64-linux-gnu:/opt/ros/humble/lib:/usr/lib/x86_64-linux-gnu/gazebo-11/plugins:/usr/lib/x86_64-linux-gnu/gazebo-11/plugins:/usr/lib/x86_64-linux-gnu/gazebo-11/plugins /usr/bin/cmake /home/hansollee/kdta_ROS2_workspace/src/arithmetic -DAMENT_CMAKE_SYMLINK_INSTALL=1 -DCMAKE_INSTALL_PREFIX=/home/hansollee/kdta_ROS2_workspace/install/arithmetic
[1.783s] Invoking command in '/home/hansollee/kdta_ROS2_workspace/build/arithmetic': CMAKE_PREFIX_PATH=/home/hansollee/kdta_ROS2_workspace/install/interface_example:/home/hansollee/kdta_ROS2_workspace/install/turtlebot3_simulations:/home/hansollee/kdta_ROS2_workspace/install/turtlebot3_gazebo:/home/hansollee/kdta_ROS2_workspace/install/turtlebot3_fake_node:/home/hansollee/kdta_ROS2_workspace/install/simple_pkg_cpp:/home/hansollee/kdta_ROS2_workspace/install/msg:/home/hansollee/kdta_ROS2_workspace/install/move_t_sim:/home/hansollee/kdta_ROS2_workspace/install/arithmetic:/opt/ros/humble LD_LIBRARY_PATH=/home/hansollee/kdta_ROS2_workspace/install/interface_example/lib:/usr/lib/x86_64-linux-gnu/gazebo-11/plugins:/opt/ros/humble/opt/rviz_ogre_vendor/lib:/opt/ros/humble/lib/x86_64-linux-gnu:/opt/ros/humble/lib:/usr/lib/x86_64-linux-gnu/gazebo-11/plugins:/usr/lib/x86_64-linux-gnu/gazebo-11/plugins:/usr/lib/x86_64-linux-gnu/gazebo-11/plugins /usr/bin/cmake --build /home/hansollee/kdta_ROS2_workspace/build/arithmetic -- -j2 -l2
[1.854s] [ 14%] [32mBuilding CXX object CMakeFiles/calculator.dir/src/calculator/calculator.cpp.o[0m
[4.225s] [01m[K/home/hansollee/kdta_ROS2_workspace/src/arithmetic/src/calculator/calculator.cpp:[m[K In member function â€˜[01m[Kvoid Calculator::sub_callback(interface_example::msg::ArithmeticArgument_<std::allocator<void> >::SharedPtr)[m[Kâ€™:
[4.225s] [01m[K/home/hansollee/kdta_ROS2_workspace/src/arithmetic/src/calculator/calculator.cpp:24:46:[m[K [01;31m[Kerror: [m[Kâ€˜[01m[Koperator_str[m[Kâ€™ was not declared in this scope; did you mean â€˜[01m[K_operator_str[m[Kâ€™?
[4.225s]    24 |     _operator_str = std::to_string(_sub_a) + [01;31m[Koperator_str[m[K + std::to_string(_sub_b) + "=" + std::to_string(_argument_result);
[4.225s]       |                                              [01;31m[K^~~~~~~~~~~~[m[K
[4.225s]       |                                              [32m[K_operator_str[m[K
[4.230s] [01m[K/home/hansollee/kdta_ROS2_workspace/src/arithmetic/src/calculator/calculator.cpp:[m[K In member function â€˜[01m[Kvoid Calculator::service_callback(std::shared_ptr<interface_example::srv::ArithmeticOperator_Request_<std::allocator<void> > >, std::shared_ptr<interface_example::srv::ArithmeticOperator_Response_<std::allocator<void> > >)[m[Kâ€™:
[4.241s] [01m[K/home/hansollee/kdta_ROS2_workspace/src/arithmetic/src/calculator/calculator.cpp:35:9:[m[K [01;31m[Kerror: [m[Kâ€˜[01m[Koperator_str[m[Kâ€™ was not declared in this scope; did you mean â€˜[01m[K_operator_str[m[Kâ€™?
[4.241s]    35 |         [01;31m[Koperator_str[m[K = "+";
[4.241s]       |         [01;31m[K^~~~~~~~~~~~[m[K
[4.241s]       |         [32m[K_operator_str[m[K
[4.241s] [01m[K/home/hansollee/kdta_ROS2_workspace/src/arithmetic/src/calculator/calculator.cpp:40:9:[m[K [01;31m[Kerror: [m[Kâ€˜[01m[Koperator_str[m[Kâ€™ was not declared in this scope; did you mean â€˜[01m[K_operator_str[m[Kâ€™?
[4.241s]    40 |         [01;31m[Koperator_str[m[K = "-";
[4.241s]       |         [01;31m[K^~~~~~~~~~~~[m[K
[4.241s]       |         [32m[K_operator_str[m[K
[4.241s] [01m[K/home/hansollee/kdta_ROS2_workspace/src/arithmetic/src/calculator/calculator.cpp:45:9:[m[K [01;31m[Kerror: [m[Kâ€˜[01m[Koperator_str[m[Kâ€™ was not declared in this scope; did you mean â€˜[01m[K_operator_str[m[Kâ€™?
[4.241s]    45 |         [01;31m[Koperator_str[m[K = "*";
[4.241s]       |         [01;31m[K^~~~~~~~~~~~[m[K
[4.241s]       |         [32m[K_operator_str[m[K
[4.241s] [01m[K/home/hansollee/kdta_ROS2_workspace/src/arithmetic/src/calculator/calculator.cpp:53:13:[m[K [01;31m[Kerror: [m[Kâ€˜[01m[Koperator_str[m[Kâ€™ was not declared in this scope; did you mean â€˜[01m[K_operator_str[m[Kâ€™?
[4.241s]    53 |             [01;31m[Koperator_str[m[K = "/";
[4.241s]       |             [01;31m[K^~~~~~~~~~~~[m[K
[4.241s]       |             [32m[K_operator_str[m[K
[4.262s] [01m[K/home/hansollee/kdta_ROS2_workspace/src/arithmetic/src/calculator/calculator.cpp:58:13:[m[K [01;31m[Kerror: [m[Kâ€˜[01m[Koperator_str[m[Kâ€™ was not declared in this scope; did you mean â€˜[01m[K_operator_str[m[Kâ€™?
[4.262s]    58 |             [01;31m[Koperator_str[m[K = "/";
[4.262s]       |             [01;31m[K^~~~~~~~~~~~[m[K
[4.262s]       |             [32m[K_operator_str[m[K
[4.262s] [01m[K/home/hansollee/kdta_ROS2_workspace/src/arithmetic/src/calculator/calculator.cpp:65:46:[m[K [01;31m[Kerror: [m[Kâ€˜[01m[Koperator_str[m[Kâ€™ was not declared in this scope; did you mean â€˜[01m[K_operator_str[m[Kâ€™?
[4.262s]    65 |     _operator_str = std::to_string(_sub_a) + [01;31m[Koperator_str[m[K + std::to_string(_sub_b) + "=" + std::to_string(_argument_result);
[4.262s]       |                                              [01;31m[K^~~~~~~~~~~~[m[K
[4.262s]       |                                              [32m[K_operator_str[m[K
[4.276s] [01m[K/home/hansollee/kdta_ROS2_workspace/src/arithmetic/src/calculator/calculator.cpp:[m[K In member function â€˜[01m[Kvoid Calculator::execute_checker(std::shared_ptr<rclcpp_action::ServerGoalHandle<interface_example::action::ArithmeticChecker> >)[m[Kâ€™:
[4.276s] [01m[K/home/hansollee/kdta_ROS2_workspace/src/arithmetic/src/calculator/calculator.cpp:97:29:[m[K [01;31m[Kerror: [m[Kâ€˜[01m[K_operator_std[m[Kâ€™ was not declared in this scope; did you mean â€˜[01m[K_operator_str[m[Kâ€™?
[4.276s]    97 |         feedback->formula = [01;31m[K_operator_std[m[K.c_str();
[4.276s]       |                             [01;31m[K^~~~~~~~~~~~~[m[K
[4.276s]       |                             [32m[K_operator_str[m[K
[8.204s] gmake[2]: *** [CMakeFiles/calculator.dir/build.make:76: CMakeFiles/calculator.dir/src/calculator/calculator.cpp.o] ì˜¤ë¥˜ 1
[8.205s] gmake[1]: *** [CMakeFiles/Makefile2:141: CMakeFiles/calculator.dir/all] ì˜¤ë¥˜ 2
[8.205s] gmake: *** [Makefile:146: all] ì˜¤ë¥˜ 2
[8.214s] Invoked command in '/home/hansollee/kdta_ROS2_workspace/build/arithmetic' returned '2': CMAKE_PREFIX_PATH=/home/hansollee/kdta_ROS2_workspace/install/interface_example:/home/hansollee/kdta_ROS2_workspace/install/turtlebot3_simulations:/home/hansollee/kdta_ROS2_workspace/install/turtlebot3_gazebo:/home/hansollee/kdta_ROS2_workspace/install/turtlebot3_fake_node:/home/hansollee/kdta_ROS2_workspace/install/simple_pkg_cpp:/home/hansollee/kdta_ROS2_workspace/install/msg:/home/hansollee/kdta_ROS2_workspace/install/move_t_sim:/home/hansollee/kdta_ROS2_workspace/install/arithmetic:/opt/ros/humble LD_LIBRARY_PATH=/home/hansollee/kdta_ROS2_workspace/install/interface_example/lib:/usr/lib/x86_64-linux-gnu/gazebo-11/plugins:/opt/ros/humble/opt/rviz_ogre_vendor/lib:/opt/ros/humble/lib/x86_64-linux-gnu:/opt/ros/humble/lib:/usr/lib/x86_64-linux-gnu/gazebo-11/plugins:/usr/lib/x86_64-linux-gnu/gazebo-11/plugins:/usr/lib/x86_64-linux-gnu/gazebo-11/plugins /usr/bin/cmake --build /home/hansollee/kdta_ROS2_workspace/build/arithmetic -- -j2 -l2
