-- Found ament_cmake: 1.3.9 (/opt/ros/humble/share/ament_cmake/cmake)
-- Override CMake install command with custom implementation using symlinks instead of copying resources
-- Found rclcpp: 16.0.9 (/opt/ros/humble/share/rclcpp/cmake)
-- Found rosidl_generator_c: 3.1.5 (/opt/ros/humble/share/rosidl_generator_c/cmake)
-- Found rosidl_adapter: 3.1.5 (/opt/ros/humble/share/rosidl_adapter/cmake)
-- Found rosidl_generator_cpp: 3.1.5 (/opt/ros/humble/share/rosidl_generator_cpp/cmake)
-- Using all available rosidl_typesupport_c: rosidl_typesupport_fastrtps_c;rosidl_typesupport_introspection_c
-- Using all available rosidl_typesupport_cpp: rosidl_typesupport_fastrtps_cpp;rosidl_typesupport_introspection_cpp
-- Found rmw_implementation_cmake: 6.1.2 (/opt/ros/humble/share/rmw_implementation_cmake/cmake)
-- Found rmw_fastrtps_cpp: 6.2.6 (/opt/ros/humble/share/rmw_fastrtps_cpp/cmake)
-- Using RMW implementation 'rmw_fastrtps_cpp' as default
-- Found interface_example: 0.0.0 (/home/hansollee/kdta_ROS2_workspace/install/interface_example/share/interface_example/cmake)
-- Found rclcpp_action: 16.0.9 (/opt/ros/humble/share/rclcpp_action/cmake)
-- Found ament_lint_auto: 0.12.11 (/opt/ros/humble/share/ament_lint_auto/cmake)
-- Added test 'cppcheck' to perform static code analysis on C / C++ code
-- Configured cppcheck include dirs: /home/hansollee/kdta_ROS2_workspace/src/arithmetic/include
-- Configured cppcheck exclude dirs and/or files: 
-- Added test 'lint_cmake' to check CMake code style
-- Added test 'uncrustify' to check C / C++ code style
-- Configured uncrustify additional arguments: 
-- Added test 'xmllint' to check XML markup files
-- Configuring done
-- Generating done
-- Build files have been written to: /home/hansollee/kdta_ROS2_workspace/build/arithmetic
[ 50%] [32mBuilding CXX object CMakeFiles/argument.dir/src/argument.cpp.o[0m
[01m[K/home/hansollee/kdta_ROS2_workspace/src/arithmetic/src/argument.cpp:[m[K In constructor â€˜[01m[KArgument::Argument()[m[Kâ€™:
[01m[K/home/hansollee/kdta_ROS2_workspace/src/arithmetic/src/argument.cpp:13:90:[m[K [01;31m[Kerror: [m[Kno matching function for call to â€˜[01m[Kcreate_publisher<interface_example::msg::ArithmeticArgument>(const char [20], int)[m[Kâ€™
   13 |         _publisher = [01;31m[Krclcpp::create_publisher<interface_example::msg::ArithmeticArgument>("arithmetic_argument", 10)[m[K;
      |                      [01;31m[K~~~~~~~~~~~~~~~~~~~~~~~~~~~~~~~~~~~~~~~~~~~~~~~~~~~~~~~~~~~~~~~~~~~~^~~~~~~~~~~~~~~~~~~~~~~~~~~[m[K
In file included from [01m[K/opt/ros/humble/include/rclcpp/rclcpp/node_impl.hpp:41[m[K,
                 from [01m[K/opt/ros/humble/include/rclcpp/rclcpp/node.hpp:1321[m[K,
                 from [01m[K/opt/ros/humble/include/rclcpp/rclcpp/executors/single_threaded_executor.hpp:28[m[K,
                 from [01m[K/opt/ros/humble/include/rclcpp/rclcpp/executors.hpp:22[m[K,
                 from [01m[K/opt/ros/humble/include/rclcpp/rclcpp/rclcpp.hpp:155[m[K,
                 from [01m[K/home/hansollee/kdta_ROS2_workspace/src/arithmetic/src/argument.cpp:2[m[K:
[01m[K/opt/ros/humble/include/rclcpp/rclcpp/create_publisher.hpp:94:1:[m[K [01;36m[Knote: [m[Kcandidate: â€˜[01m[Ktemplate<class MessageT, class AllocatorT, class PublisherT, class NodeT> std::shared_ptr<PublisherT> rclcpp::create_publisher(NodeT&&, const string&, const rclcpp::QoS&, const rclcpp::PublisherOptionsWithAllocator<AllocatorT>&)[m[Kâ€™
   94 | [01;36m[Kcreate_publisher[m[K(
      | [01;36m[K^~~~~~~~~~~~~~~~[m[K
[01m[K/opt/ros/humble/include/rclcpp/rclcpp/create_publisher.hpp:94:1:[m[K [01;36m[Knote: [m[K  template argument deduction/substitution failed:
[01m[K/home/hansollee/kdta_ROS2_workspace/src/arithmetic/src/argument.cpp:13:90:[m[K [01;36m[Knote: [m[K  candidate expects 4 arguments, 2 provided
   13 |         _publisher = [01;36m[Krclcpp::create_publisher<interface_example::msg::ArithmeticArgument>("arithmetic_argument", 10)[m[K;
      |                      [01;36m[K~~~~~~~~~~~~~~~~~~~~~~~~~~~~~~~~~~~~~~~~~~~~~~~~~~~~~~~~~~~~~~~~~~~~^~~~~~~~~~~~~~~~~~~~~~~~~~~[m[K
In file included from [01m[K/opt/ros/humble/include/rclcpp/rclcpp/node_impl.hpp:41[m[K,
                 from [01m[K/opt/ros/humble/include/rclcpp/rclcpp/node.hpp:1321[m[K,
                 from [01m[K/opt/ros/humble/include/rclcpp/rclcpp/executors/single_threaded_executor.hpp:28[m[K,
                 from [01m[K/opt/ros/humble/include/rclcpp/rclcpp/executors.hpp:22[m[K,
                 from [01m[K/opt/ros/humble/include/rclcpp/rclcpp/rclcpp.hpp:155[m[K,
                 from [01m[K/home/hansollee/kdta_ROS2_workspace/src/arithmetic/src/argument.cpp:2[m[K:
[01m[K/opt/ros/humble/include/rclcpp/rclcpp/create_publisher.hpp:113:1:[m[K [01;36m[Knote: [m[Kcandidate: â€˜[01m[Ktemplate<class MessageT, class AllocatorT, class PublisherT> std::shared_ptr<PublisherT> rclcpp::create_publisher(rclcpp::node_interfaces::NodeParametersInterface::SharedPtr&, rclcpp::node_interfaces::NodeTopicsInterface::SharedPtr&, const string&, const rclcpp::QoS&, const rclcpp::PublisherOptionsWithAllocator<AllocatorT>&)[m[Kâ€™
  113 | [01;36m[Kcreate_publisher[m[K(
      | [01;36m[K^~~~~~~~~~~~~~~~[m[K
[01m[K/opt/ros/humble/include/rclcpp/rclcpp/create_publisher.hpp:113:1:[m[K [01;36m[Knote: [m[K  template argument deduction/substitution failed:
[01m[K/home/hansollee/kdta_ROS2_workspace/src/arithmetic/src/argument.cpp:13:90:[m[K [01;36m[Knote: [m[K  candidate expects 5 arguments, 2 provided
   13 |         _publisher = [01;36m[Krclcpp::create_publisher<interface_example::msg::ArithmeticArgument>("arithmetic_argument", 10)[m[K;
      |                      [01;36m[K~~~~~~~~~~~~~~~~~~~~~~~~~~~~~~~~~~~~~~~~~~~~~~~~~~~~~~~~~~~~~~~~~~~~^~~~~~~~~~~~~~~~~~~~~~~~~~~[m[K
[01m[K/home/hansollee/kdta_ROS2_workspace/src/arithmetic/src/argument.cpp:14:43:[m[K [01;31m[Kerror: [m[Kno matching function for call to â€˜[01m[Kcreate_wall_timer(std::chrono::milliseconds, std::_Bind_helper<false, void (Argument::*)(), Argument*>::type)[m[Kâ€™
   14 |         _timer = [01;31m[Krclcpp::create_wall_timer(500ms, std::bind(&Argument::pub_callback, this))[m[K;
      |                  [01;31m[K~~~~~~~~~~~~~~~~~~~~~~~~~^~~~~~~~~~~~~~~~~~~~~~~~~~~~~~~~~~~~~~~~~~~~~~~~~[m[K
In file included from [01m[K/opt/ros/humble/include/rclcpp/rclcpp/create_subscription.hpp:33[m[K,
                 from [01m[K/opt/ros/humble/include/rclcpp/rclcpp/node_impl.hpp:43[m[K,
                 from [01m[K/opt/ros/humble/include/rclcpp/rclcpp/node.hpp:1321[m[K,
                 from [01m[K/opt/ros/humble/include/rclcpp/rclcpp/executors/single_threaded_executor.hpp:28[m[K,
                 from [01m[K/opt/ros/humble/include/rclcpp/rclcpp/executors.hpp:22[m[K,
                 from [01m[K/opt/ros/humble/include/rclcpp/rclcpp/rclcpp.hpp:155[m[K,
                 from [01m[K/home/hansollee/kdta_ROS2_workspace/src/arithmetic/src/argument.cpp:2[m[K:
[01m[K/opt/ros/humble/include/rclcpp/rclcpp/create_timer.hpp:90:1:[m[K [01;36m[Knote: [m[Kcandidate: â€˜[01m[Ktemplate<class DurationRepT, class DurationT, class CallbackT> typename rclcpp::WallTimer<CallbackT>::SharedPtr rclcpp::create_wall_timer(std::chrono::duration<_Rep1, _Period1>, CallbackT, rclcpp::CallbackGroup::SharedPtr, rclcpp::node_interfaces::NodeBaseInterface*, rclcpp::node_interfaces::NodeTimersInterface*)[m[Kâ€™
   90 | [01;36m[Kcreate_wall_timer[m[K(
      | [01;36m[K^~~~~~~~~~~~~~~~~[m[K
[01m[K/opt/ros/humble/include/rclcpp/rclcpp/create_timer.hpp:90:1:[m[K [01;36m[Knote: [m[K  template argument deduction/substitution failed:
[01m[K/home/hansollee/kdta_ROS2_workspace/src/arithmetic/src/argument.cpp:14:43:[m[K [01;36m[Knote: [m[K  candidate expects 5 arguments, 2 provided
   14 |         _timer = [01;36m[Krclcpp::create_wall_timer(500ms, std::bind(&Argument::pub_callback, this))[m[K;
      |                  [01;36m[K~~~~~~~~~~~~~~~~~~~~~~~~~^~~~~~~~~~~~~~~~~~~~~~~~~~~~~~~~~~~~~~~~~~~~~~~~~[m[K
In file included from [01m[K/usr/include/x86_64-linux-gnu/c++/11/bits/c++allocator.h:33[m[K,
                 from [01m[K/usr/include/c++/11/bits/allocator.h:46[m[K,
                 from [01m[K/usr/include/c++/11/unordered_map:40[m[K,
                 from [01m[K/usr/include/c++/11/functional:61[m[K,
                 from [01m[K/usr/include/c++/11/pstl/glue_algorithm_defs.h:13[m[K,
                 from [01m[K/usr/include/c++/11/algorithm:74[m[K,
                 from [01m[K/home/hansollee/kdta_ROS2_workspace/build/interface_example/rosidl_generator_cpp/interface_example/msg/detail/arithmetic_argument__struct.hpp:8[m[K,
                 from [01m[K/home/hansollee/kdta_ROS2_workspace/build/interface_example/rosidl_generator_cpp/interface_example/msg/arithmetic_argument.hpp:7[m[K,
                 from [01m[K/home/hansollee/kdta_ROS2_workspace/src/arithmetic/src/argument.cpp:1[m[K:
/usr/include/c++/11/ext/new_allocator.h: In instantiation of â€˜[01m[Kvoid __gnu_cxx::new_allocator<_Tp>::construct(_Up*, _Args&& ...) [with _Up = Argument; _Args = {rclcpp::NodeOptions&}; _Tp = Argument][m[Kâ€™:
[01m[K/usr/include/c++/11/bits/alloc_traits.h:516:17:[m[K   required from â€˜[01m[Kstatic void std::allocator_traits<std::allocator<_Tp1> >::construct(std::allocator_traits<std::allocator<_Tp1> >::allocator_type&, _Up*, _Args&& ...) [with _Up = Argument; _Args = {rclcpp::NodeOptions&}; _Tp = Argument; std::allocator_traits<std::allocator<_Tp1> >::allocator_type = std::allocator<Argument>][m[Kâ€™
[01m[K/usr/include/c++/11/bits/shared_ptr_base.h:519:39:[m[K   required from â€˜[01m[Kstd::_Sp_counted_ptr_inplace<_Tp, _Alloc, _Lp>::_Sp_counted_ptr_inplace(_Alloc, _Args&& ...) [with _Args = {rclcpp::NodeOptions&}; _Tp = Argument; _Alloc = std::allocator<Argument>; __gnu_cxx::_Lock_policy _Lp = __gnu_cxx::_S_atomic][m[Kâ€™
[01m[K/usr/include/c++/11/bits/shared_ptr_base.h:650:16:[m[K   required from â€˜[01m[Kstd::__shared_count<_Lp>::__shared_count(_Tp*&, std::_Sp_alloc_shared_tag<_Alloc>, _Args&& ...) [with _Tp = Argument; _Alloc = std::allocator<Argument>; _Args = {rclcpp::NodeOptions&}; __gnu_cxx::_Lock_policy _Lp = __gnu_cxx::_S_atomic][m[Kâ€™
[01m[K/usr/include/c++/11/bits/shared_ptr_base.h:1342:14:[m[K   required from â€˜[01m[Kstd::__shared_ptr<_Tp, _Lp>::__shared_ptr(std::_Sp_alloc_shared_tag<_Tp>, _Args&& ...) [with _Alloc = std::allocator<Argument>; _Args = {rclcpp::NodeOptions&}; _Tp = Argument; __gnu_cxx::_Lock_policy _Lp = __gnu_cxx::_S_atomic][m[Kâ€™
[01m[K/usr/include/c++/11/bits/shared_ptr.h:409:59:[m[K   required from â€˜[01m[Kstd::shared_ptr<_Tp>::shared_ptr(std::_Sp_alloc_shared_tag<_Tp>, _Args&& ...) [with _Alloc = std::allocator<Argument>; _Args = {rclcpp::NodeOptions&}; _Tp = Argument][m[Kâ€™
[01m[K/usr/include/c++/11/bits/shared_ptr.h:862:14:[m[K   required from â€˜[01m[Kstd::shared_ptr<_Tp> std::allocate_shared(const _Alloc&, _Args&& ...) [with _Tp = Argument; _Alloc = std::allocator<Argument>; _Args = {rclcpp::NodeOptions&}][m[Kâ€™
[01m[K/usr/include/c++/11/bits/shared_ptr.h:878:39:[m[K   required from â€˜[01m[Kstd::shared_ptr<_Tp> std::make_shared(_Args&& ...) [with _Tp = Argument; _Args = {rclcpp::NodeOptions&}][m[Kâ€™
[01m[K/home/hansollee/kdta_ROS2_workspace/src/arithmetic/src/argument.cpp:35:43:[m[K   required from here
[01m[K/usr/include/c++/11/ext/new_allocator.h:162:11:[m[K [01;31m[Kerror: [m[Kno matching function for call to â€˜[01m[KArgument::Argument(rclcpp::NodeOptions&)[m[Kâ€™
  162 |         { [01;31m[K::new((void *)__p) _Up(std::forward<_Args>(__args)...)[m[K; }
      |           [01;31m[K^~~~~~~~~~~~~~~~~~~~~~~~~~~~~~~~~~~~~~~~~~~~~~~~~~~~~~[m[K
[01m[K/home/hansollee/kdta_ROS2_workspace/src/arithmetic/src/argument.cpp:10:5:[m[K [01;36m[Knote: [m[Kcandidate: â€˜[01m[KArgument::Argument()[m[Kâ€™
   10 |     [01;36m[KArgument[m[K() : Node("argument")
      |     [01;36m[K^~~~~~~~[m[K
[01m[K/home/hansollee/kdta_ROS2_workspace/src/arithmetic/src/argument.cpp:10:5:[m[K [01;36m[Knote: [m[K  candidate expects 0 arguments, 1 provided
gmake[2]: *** [CMakeFiles/argument.dir/build.make:76: CMakeFiles/argument.dir/src/argument.cpp.o] ì˜¤ë¥˜ 1
gmake[1]: *** [CMakeFiles/Makefile2:137: CMakeFiles/argument.dir/all] ì˜¤ë¥˜ 2
gmake: *** [Makefile:146: all] ì˜¤ë¥˜ 2
