[0.009s] Invoking command in '/home/hansollee/kdta_ROS2_workspace/build/move_t_sim': CMAKE_PREFIX_PATH=${CMAKE_PREFIX_PATH}:/opt/ros/humble /usr/bin/cmake --build /home/hansollee/kdta_ROS2_workspace/build/move_t_sim -- -j2 -l2
[0.063s] [ 11%] [32mBuilding CXX object CMakeFiles/moveTurtleSim2.dir/src/moveTurtleSim2.cpp.o[0m
[0.068s] [ 22%] [32mBuilding CXX object CMakeFiles/moveTurtleSim.dir/src/moveTurtleSim.cpp.o[0m
[0.074s] [01m[K/home/hansollee/kdta_ROS2_workspace/src/move_t_sim/src/moveTurtleSim2.cpp:1:10:[m[K [01;31m[Kfatal error: [m[KmoveTSim/moveTurtle2.hpp: ê·¸ëŸ° íŒŒì¼ì´ë‚˜ ë””ë ‰í„°ë¦¬ê°€ ì—†ìŠµë‹ˆë‹¤
[0.074s]     1 | #include [01;31m[K"moveTSim/moveTurtle2.hpp"[m[K
[0.074s]       |          [01;31m[K^~~~~~~~~~~~~~~~~~~~~~~~~~[m[K
[0.074s] compilation terminated.
[0.076s] gmake[2]: *** [CMakeFiles/moveTurtleSim2.dir/build.make:76: CMakeFiles/moveTurtleSim2.dir/src/moveTurtleSim2.cpp.o] ì˜¤ë¥˜ 1
[0.076s] gmake[1]: *** [CMakeFiles/Makefile2:167: CMakeFiles/moveTurtleSim2.dir/all] ì˜¤ë¥˜ 2
[0.076s] gmake[1]: *** ëë‚˜ì§€ ì•Šì€ ì‘ì—…ì„ ê¸°ë‹¤ë¦¬ê³  ìˆìŠµë‹ˆë‹¤....
[0.083s] [ 33%] [32mBuilding CXX object CMakeFiles/moveTurtleSim.dir/src/moveTurtle.cpp.o[0m
[0.088s] [01m[K/home/hansollee/kdta_ROS2_workspace/src/move_t_sim/src/moveTurtleSim.cpp:1:10:[m[K [01;31m[Kfatal error: [m[KmoveTSim/moveTurtle.hpp: ê·¸ëŸ° íŒŒì¼ì´ë‚˜ ë””ë ‰í„°ë¦¬ê°€ ì—†ìŠµë‹ˆë‹¤
[0.088s]     1 | #include [01;31m[K"moveTSim/moveTurtle.hpp"[m[K
[0.088s]       |          [01;31m[K^~~~~~~~~~~~~~~~~~~~~~~~~[m[K
[0.088s] compilation terminated.
[0.089s] gmake[2]: *** [CMakeFiles/moveTurtleSim.dir/build.make:76: CMakeFiles/moveTurtleSim.dir/src/moveTurtleSim.cpp.o] ì˜¤ë¥˜ 1
[0.089s] gmake[2]: *** ëë‚˜ì§€ ì•Šì€ ì‘ì—…ì„ ê¸°ë‹¤ë¦¬ê³  ìˆìŠµë‹ˆë‹¤....
[0.093s] [01m[K/home/hansollee/kdta_ROS2_workspace/src/move_t_sim/src/moveTurtle.cpp:1:10:[m[K [01;31m[Kfatal error: [m[KmoveTSim/moveTurtle.hpp: ê·¸ëŸ° íŒŒì¼ì´ë‚˜ ë””ë ‰í„°ë¦¬ê°€ ì—†ìŠµë‹ˆë‹¤
[0.093s]     1 | #include [01;31m[K"moveTSim/moveTurtle.hpp"[m[K
[0.093s]       |          [01;31m[K^~~~~~~~~~~~~~~~~~~~~~~~~[m[K
[0.093s] compilation terminated.
[0.098s] gmake[2]: *** [CMakeFiles/moveTurtleSim.dir/build.make:90: CMakeFiles/moveTurtleSim.dir/src/moveTurtle.cpp.o] ì˜¤ë¥˜ 1
[0.098s] gmake[1]: *** [CMakeFiles/Makefile2:141: CMakeFiles/moveTurtleSim.dir/all] ì˜¤ë¥˜ 2
[0.098s] gmake: *** [Makefile:146: all] ì˜¤ë¥˜ 2
[0.099s] Invoked command in '/home/hansollee/kdta_ROS2_workspace/build/move_t_sim' returned '2': CMAKE_PREFIX_PATH=${CMAKE_PREFIX_PATH}:/opt/ros/humble /usr/bin/cmake --build /home/hansollee/kdta_ROS2_workspace/build/move_t_sim -- -j2 -l2
