[0.036s] Invoking command in '/home/hansollee/kdta_ROS2_workspace/build/moveTSim': CMAKE_PREFIX_PATH=${CMAKE_PREFIX_PATH}:/opt/ros/humble /usr/bin/cmake /home/hansollee/kdta_ROS2_workspace/src/moveTSim -DAMENT_CMAKE_SYMLINK_INSTALL=1 -DCMAKE_INSTALL_PREFIX=/home/hansollee/kdta_ROS2_workspace/install/moveTSim
[0.420s] -- The C compiler identification is GNU 11.4.0
[0.717s] -- The CXX compiler identification is GNU 11.4.0
[0.737s] -- Detecting C compiler ABI info
[0.961s] -- Detecting C compiler ABI info - done
[0.981s] -- Check for working C compiler: /usr/bin/cc - skipped
[0.981s] -- Detecting C compile features
[0.982s] -- Detecting C compile features - done
[0.987s] -- Detecting CXX compiler ABI info
[1.293s] -- Detecting CXX compiler ABI info - done
[1.329s] -- Check for working CXX compiler: /usr/bin/c++ - skipped
[1.330s] -- Detecting CXX compile features
[1.332s] -- Detecting CXX compile features - done
[1.366s] -- Found ament_cmake: 1.3.9 (/opt/ros/humble/share/ament_cmake/cmake)
[1.857s] -- Found Python3: /usr/bin/python3 (found version "3.10.12") found components: Interpreter 
[2.035s] -- Override CMake install command with custom implementation using symlinks instead of copying resources
[2.093s] -- Found rclcpp: 16.0.9 (/opt/ros/humble/share/rclcpp/cmake)
[2.203s] -- Found rosidl_generator_c: 3.1.5 (/opt/ros/humble/share/rosidl_generator_c/cmake)
[2.216s] -- Found rosidl_adapter: 3.1.5 (/opt/ros/humble/share/rosidl_adapter/cmake)
[2.237s] -- Found rosidl_generator_cpp: 3.1.5 (/opt/ros/humble/share/rosidl_generator_cpp/cmake)
[2.279s] -- Using all available rosidl_typesupport_c: rosidl_typesupport_fastrtps_c;rosidl_typesupport_introspection_c
[2.380s] -- Using all available rosidl_typesupport_cpp: rosidl_typesupport_fastrtps_cpp;rosidl_typesupport_introspection_cpp
[2.687s] -- Found rmw_implementation_cmake: 6.1.2 (/opt/ros/humble/share/rmw_implementation_cmake/cmake)
[2.693s] -- Found rmw_fastrtps_cpp: 6.2.6 (/opt/ros/humble/share/rmw_fastrtps_cpp/cmake)
[3.037s] -- Found OpenSSL: /usr/lib/x86_64-linux-gnu/libcrypto.so (found version "3.0.2")  
[3.145s] -- Found FastRTPS: /opt/ros/humble/include  
[3.316s] -- Using RMW implementation 'rmw_fastrtps_cpp' as default
[3.355s] -- Looking for pthread.h
[3.636s] -- Looking for pthread.h - found
[3.638s] -- Performing Test CMAKE_HAVE_LIBC_PTHREAD
[3.884s] -- Performing Test CMAKE_HAVE_LIBC_PTHREAD - Success
[3.886s] -- Found Threads: TRUE  
[4.259s] -- Found geometry_msgs: 4.2.4 (/opt/ros/humble/share/geometry_msgs/cmake)
[4.453s] -- Found ament_lint_auto: 0.12.11 (/opt/ros/humble/share/ament_lint_auto/cmake)
[4.650s] WARNING: Package name "moveTSim" does not follow the naming conventions. It should start with a lower case letter and only contain lower case letters, digits, underscores, and dashes.
[4.760s] -- Added test 'cppcheck' to perform static code analysis on C / C++ code
[4.761s] -- Configured cppcheck include dirs: /home/hansollee/kdta_ROS2_workspace/src/moveTSim/include
[4.761s] -- Configured cppcheck exclude dirs and/or files: 
[4.763s] -- Added test 'lint_cmake' to check CMake code style
[4.766s] -- Added test 'uncrustify' to check C / C++ code style
[4.767s] -- Configured uncrustify additional arguments: 
[4.768s] -- Added test 'xmllint' to check XML markup files
[4.775s] -- Configuring done
[4.814s] -- Generating done
[4.819s] -- Build files have been written to: /home/hansollee/kdta_ROS2_workspace/build/moveTSim
[4.853s] Invoked command in '/home/hansollee/kdta_ROS2_workspace/build/moveTSim' returned '0': CMAKE_PREFIX_PATH=${CMAKE_PREFIX_PATH}:/opt/ros/humble /usr/bin/cmake /home/hansollee/kdta_ROS2_workspace/src/moveTSim -DAMENT_CMAKE_SYMLINK_INSTALL=1 -DCMAKE_INSTALL_PREFIX=/home/hansollee/kdta_ROS2_workspace/install/moveTSim
[4.861s] Invoking command in '/home/hansollee/kdta_ROS2_workspace/build/moveTSim': CMAKE_PREFIX_PATH=${CMAKE_PREFIX_PATH}:/opt/ros/humble /usr/bin/cmake --build /home/hansollee/kdta_ROS2_workspace/build/moveTSim -- -j4 -l4
[5.056s] [ 33%] [32mBuilding CXX object CMakeFiles/moveTurtleSim.dir/src/moveTurtleSim.cpp.o[0m
[5.060s] [ 66%] [32mBuilding CXX object CMakeFiles/moveTurtleSim.dir/src/moveTurtle.cpp.o[0m
[15.170s] [01m[K/home/hansollee/kdta_ROS2_workspace/src/moveTSim/src/moveTurtleSim.cpp:[m[K In function ‚Äò[01m[Kint main(int, char**)[m[K‚Äô:
[15.171s] [01m[K/home/hansollee/kdta_ROS2_workspace/src/moveTSim/src/moveTurtleSim.cpp:5:34:[m[K [01;31m[Kerror: [m[K‚Äò[01m[KHellowPublisher[m[K‚Äô was not declared in this scope
[15.172s]     5 |     auto node = std::make_shared<[01;31m[KHellowPublisher[m[K>();
[15.172s]       |                                  [01;31m[K^~~~~~~~~~~~~~~[m[K
[15.173s] [01m[K/home/hansollee/kdta_ROS2_workspace/src/moveTSim/src/moveTurtleSim.cpp:5:50:[m[K [01;31m[Kerror: [m[Kno matching function for call to ‚Äò[01m[Kmake_shared<<expression error> >()[m[K‚Äô
[15.173s]     5 |     auto node = [01;31m[Kstd::make_shared<HellowPublisher>()[m[K;
[15.173s]       |                 [01;31m[K~~~~~~~~~~~~~~~~~~~~~~~~~~~~~~~~~^~[m[K
[15.176s] In file included from [01m[K/usr/include/c++/11/memory:77[m[K,
[15.177s]                  from [01m[K/opt/ros/humble/include/geometry_msgs/geometry_msgs/msg/detail/twist__struct.hpp:10[m[K,
[15.177s]                  from [01m[K/opt/ros/humble/include/geometry_msgs/geometry_msgs/msg/twist.hpp:7[m[K,
[15.177s]                  from [01m[K/home/hansollee/kdta_ROS2_workspace/src/moveTSim/include/moveTSim/moveTurtle.hpp:4[m[K,
[15.178s]                  from [01m[K/home/hansollee/kdta_ROS2_workspace/src/moveTSim/src/moveTurtleSim.cpp:1[m[K:
[15.178s] [01m[K/usr/include/c++/11/bits/shared_ptr.h:875:5:[m[K [01;36m[Knote: [m[Kcandidate: ‚Äò[01m[Ktemplate<class _Tp, class ... _Args> std::shared_ptr<_Tp> std::make_shared(_Args&& ...)[m[K‚Äô
[15.178s]   875 |     [01;36m[Kmake_shared[m[K(_Args&&... __args)
[15.179s]       |     [01;36m[K^~~~~~~~~~~[m[K
[15.179s] [01m[K/usr/include/c++/11/bits/shared_ptr.h:875:5:[m[K [01;36m[Knote: [m[K  template argument deduction/substitution failed:
[15.181s] [01m[K/home/hansollee/kdta_ROS2_workspace/src/moveTSim/src/moveTurtleSim.cpp:5:50:[m[K [01;31m[Kerror: [m[Ktemplate argument 1 is invalid
[15.181s]     5 |     auto node = [01;31m[Kstd::make_shared<HellowPublisher>()[m[K;
[15.182s]       |                 [01;31m[K~~~~~~~~~~~~~~~~~~~~~~~~~~~~~~~~~^~[m[K
[16.748s] gmake[2]: *** [CMakeFiles/moveTurtleSim.dir/build.make:76: CMakeFiles/moveTurtleSim.dir/src/moveTurtleSim.cpp.o] Ïò§Î•ò 1
[16.748s] gmake[2]: *** ÎÅùÎÇòÏßÄ ÏïäÏùÄ ÏûëÏóÖÏùÑ Í∏∞Îã§Î¶¨Í≥† ÏûàÏäµÎãàÎã§....
[21.529s] gmake[1]: *** [CMakeFiles/Makefile2:137: CMakeFiles/moveTurtleSim.dir/all] Ïò§Î•ò 2
[21.536s] gmake: *** [Makefile:146: all] Ïò§Î•ò 2
[21.538s] Invoked command in '/home/hansollee/kdta_ROS2_workspace/build/moveTSim' returned '2': CMAKE_PREFIX_PATH=${CMAKE_PREFIX_PATH}:/opt/ros/humble /usr/bin/cmake --build /home/hansollee/kdta_ROS2_workspace/build/moveTSim -- -j4 -l4
