[01m[K/home/hansollee/kdta_ROS2_workspace/src/arithmetic/src/arithmetic/operator.cpp:[m[K In member function ‘[01m[Kvoid Operator::timer_callback()[m[K’:
[01m[K/home/hansollee/kdta_ROS2_workspace/src/arithmetic/src/arithmetic/operator.cpp:49:40:[m[K [01;31m[Kerror: [m[Kinvalid cast from type ‘[01m[Kstd::mt19937[m[K’ {aka ‘[01m[Kstd::mersenne_twister_engine<long unsigned int, 32, 624, 397, 31, 2567483615, 11, 4294967295, 7, 2636928640, 15, 4022730752, 18, 1812433253>[m[K’} to type ‘[01m[Kint8_t[m[K’ {aka ‘[01m[Ksigned char[m[K’}
   49 |         request->arithmetic_operator = [01;31m[K(int8_t)(gen)[m[K;
      |                                        [01;31m[K^~~~~~~~~~~~~[m[K
[01m[K/home/hansollee/kdta_ROS2_workspace/src/arithmetic/src/arithmetic/operator.cpp:56:40:[m[K [01;31m[Kerror: [m[K‘[01m[Karithmetic_operator[m[K’ was not declared in this scope; did you mean ‘[01m[K_arithmetic_operator[m[K’?
   56 |         request->arithmetic_operator = [01;31m[Karithmetic_operator[m[K;
      |                                        [01;31m[K^~~~~~~~~~~~~~~~~~~[m[K
      |                                        [32m[K_arithmetic_operator[m[K
gmake[2]: *** [CMakeFiles/operator.dir/build.make:76: CMakeFiles/operator.dir/src/arithmetic/operator.cpp.o] 오류 1
gmake[1]: *** [CMakeFiles/Makefile2:193: CMakeFiles/operator.dir/all] 오류 2
gmake[1]: *** 끝나지 않은 작업을 기다리고 있습니다....
gmake: *** [Makefile:146: all] 오류 2
