[0.049s] Invoking command in '/home/hansollee/kdta_ROS2_workspace/build/simple_pkg_cpp': CMAKE_PREFIX_PATH=${CMAKE_PREFIX_PATH}:/opt/ros/humble /usr/bin/cmake --build /home/hansollee/kdta_ROS2_workspace/build/simple_pkg_cpp -- -j4 -l4
[0.292s] -- Found ament_cmake: 1.3.9 (/opt/ros/humble/share/ament_cmake/cmake)
[1.068s] -- Override CMake install command with custom implementation using symlinks instead of copying resources
[1.111s] -- Found rclcpp: 16.0.9 (/opt/ros/humble/share/rclcpp/cmake)
[1.209s] -- Found rosidl_generator_c: 3.1.5 (/opt/ros/humble/share/rosidl_generator_c/cmake)
[1.215s] -- Found rosidl_adapter: 3.1.5 (/opt/ros/humble/share/rosidl_adapter/cmake)
[1.231s] -- Found rosidl_generator_cpp: 3.1.5 (/opt/ros/humble/share/rosidl_generator_cpp/cmake)
[1.289s] -- Using all available rosidl_typesupport_c: rosidl_typesupport_fastrtps_c;rosidl_typesupport_introspection_c
[1.355s] -- Using all available rosidl_typesupport_cpp: rosidl_typesupport_fastrtps_cpp;rosidl_typesupport_introspection_cpp
[1.596s] -- Found rmw_implementation_cmake: 6.1.2 (/opt/ros/humble/share/rmw_implementation_cmake/cmake)
[1.605s] -- Found rmw_fastrtps_cpp: 6.2.6 (/opt/ros/humble/share/rmw_fastrtps_cpp/cmake)
[1.983s] -- Using RMW implementation 'rmw_fastrtps_cpp' as default
[2.553s] -- Found ament_lint_auto: 0.12.11 (/opt/ros/humble/share/ament_lint_auto/cmake)
[2.862s] -- Added test 'cppcheck' to perform static code analysis on C / C++ code
[2.862s] -- Configured cppcheck include dirs: /home/hansollee/kdta_ROS2_workspace/src/simple_pkg_cpp/include
[2.863s] -- Configured cppcheck exclude dirs and/or files: 
[2.869s] -- Added test 'lint_cmake' to check CMake code style
[2.885s] -- Added test 'uncrustify' to check C / C++ code style
[2.886s] -- Configured uncrustify additional arguments: 
[2.888s] -- Added test 'xmllint' to check XML markup files
[2.893s] -- Configuring done
[2.992s] -- Generating done
[2.999s] -- Build files have been written to: /home/hansollee/kdta_ROS2_workspace/build/simple_pkg_cpp
[3.069s] [35m[1mConsolidate compiler generated dependencies of target hello_publisher[0m
[3.070s] [35m[1mConsolidate compiler generated dependencies of target helloworld[0m
[3.078s] [35m[1mConsolidate compiler generated dependencies of target helloOpenCV[0m
[3.110s] [35m[1mConsolidate compiler generated dependencies of target hello_publisher2[0m
[3.125s] [  8%] [32mBuilding CXX object CMakeFiles/helloOpenCV.dir/src/helloOpenCV.cpp.o[0m
[3.143s] [ 16%] [32mBuilding CXX object CMakeFiles/helloworld.dir/src/helloworld.cpp.o[0m
[3.150s] [ 25%] [32mBuilding CXX object CMakeFiles/hello_publisher.dir/src/hello_publisher.cpp.o[0m
[3.165s] [ 33%] [32mBuilding CXX object CMakeFiles/hello_publisher2.dir/src/hello_publisher2.cpp.o[0m
[5.408s] [ 41%] [32m[1mLinking CXX executable helloworld[0m
[5.699s] [ 41%] Built target helloworld
[5.728s] [35m[1mConsolidate compiler generated dependencies of target hello_publisher_class[0m
[5.781s] [ 50%] [32mBuilding CXX object CMakeFiles/hello_publisher_class.dir/src/hello_publisher_class.cpp.o[0m
[13.804s] [ 58%] [32m[1mLinking CXX executable helloOpenCV[0m
[16.590s] [ 58%] Built target helloOpenCV
[16.801s] [ 66%] [32mBuilding CXX object CMakeFiles/hello_publisher_class2.dir/src/hello_publisher_class2.cpp.o[0m
[22.229s] [ 75%] [32m[1mLinking CXX executable hello_publisher[0m
[23.175s] [ 75%] Built target hello_publisher
[27.913s] [ 83%] [32m[1mLinking CXX executable hello_publisher2[0m
[29.000s] [ 83%] Built target hello_publisher2
[29.780s] [ 91%] [32m[1mLinking CXX executable hello_publisher_class[0m
[29.878s] gmake[2]: *** 'hello_publisher_class' νμΌμ„ μ‚­μ ν•©λ‹λ‹¤
[29.879s] gmake[2]: *** [CMakeFiles/hello_publisher_class2.dir/build.make:76: CMakeFiles/hello_publisher_class2.dir/src/hello_publisher_class2.cpp.o] μΈν„°λ½νΈ
[29.880s] gmake[1]: *** [CMakeFiles/Makefile2:277: CMakeFiles/hello_publisher_class2.dir/all] μΈν„°λ½νΈ
[29.880s] gmake[2]: *** [CMakeFiles/hello_publisher_class.dir/build.make:159: hello_publisher_class] μΈν„°λ½νΈ
[29.881s] gmake[1]: *** [CMakeFiles/Makefile2:251: CMakeFiles/hello_publisher_class.dir/all] μΈν„°λ½νΈ
[29.881s] gmake: *** [Makefile:146: all] μΈν„°λ½νΈ
[29.927s] Invoked command in '/home/hansollee/kdta_ROS2_workspace/build/simple_pkg_cpp' returned '-2': CMAKE_PREFIX_PATH=${CMAKE_PREFIX_PATH}:/opt/ros/humble /usr/bin/cmake --build /home/hansollee/kdta_ROS2_workspace/build/simple_pkg_cpp -- -j4 -l4
